#
# There is insufficient memory for the Java Runtime Environment to continue.
# Native memory allocation (malloc) failed to allocate 32744 bytes for ChunkPool::allocate
# Possible reasons:
#   The system is out of physical RAM or swap space
#   The process is running with CompressedOops enabled, and the Java Heap may be blocking the growth of the native heap
# Possible solutions:
#   Reduce memory load on the system
#   Increase physical memory or swap space
#   Check if swap backing store is full
#   Decrease Java heap size (-Xmx/-Xms)
#   Decrease number of Java threads
#   Decrease Java thread stack sizes (-Xss)
#   Set larger code cache with -XX:ReservedCodeCacheSize=
#   JVM is running with Zero Based Compressed Oops mode in which the Java heap is
#     placed in the first 32GB address space. The Java Heap base address is the
#     maximum limit for the native heap growth. Please use -XX:HeapBaseMinAddress
#     to set the Java Heap base and to place the Java Heap above 32GB virtual address.
# This output file may be truncated or incomplete.
#
#  Out of Memory Error (arena.cpp:78), pid=60892, tid=21832
#
# JRE version: Java(TM) SE Runtime Environment (17.0+35) (build 17+35-LTS-2724)
# Java VM: Java HotSpot(TM) 64-Bit Server VM (17+35-LTS-2724, mixed mode, tiered, compressed oops, compressed class ptrs, g1 gc, windows-amd64)
# No core dump will be written. Minidumps are not enabled by default on client versions of Windows
#

---------------  S U M M A R Y ------------

Command Line: -Dfile.encoding=Cp1252 -XX:+ShowCodeDetailsInExceptionMessages ca.mcgill.ecse.climbsafe.demo.DemoFileCreator

Host: Intel(R) Core(TM) i9-10850K CPU @ 3.60GHz, 20 cores, 31G,  Windows 10 , 64 bit Build 19041 (10.0.19041.1348)
Time: Wed Dec  1 21:55:30 2021 Eastern Standard Time elapsed time: 0.106465 seconds (0d 0h 0m 0s)

---------------  T H R E A D  ---------------

Current thread (0x0000029b31cc7b80):  JavaThread "C2 CompilerThread0" daemon [_thread_in_native, id=21832, stack(0x000000bd74400000,0x000000bd74500000)]


Current CompileTask:
C2:    106  188       4       java.util.concurrent.ConcurrentHashMap::casTabAt (21 bytes)

Stack: [0x000000bd74400000,0x000000bd74500000]
Native frames: (J=compiled Java code, j=interpreted, Vv=VM code, C=native code)
V  [jvm.dll+0x66f8ea]
V  [jvm.dll+0x7ce224]
V  [jvm.dll+0x7cf9ce]
V  [jvm.dll+0x7d0033]
V  [jvm.dll+0x242bb5]
V  [jvm.dll+0xaa2a0]
V  [jvm.dll+0xaa5ec]
V  [jvm.dll+0x1221ec]
V  [jvm.dll+0x121263]
V  [jvm.dll+0x674e05]
V  [jvm.dll+0x21606f]
V  [jvm.dll+0x2150c1]
V  [jvm.dll+0x1a168d]
V  [jvm.dll+0x2248f8]
V  [jvm.dll+0x222a5c]
V  [jvm.dll+0x78422b]
V  [jvm.dll+0x77e7ea]
V  [jvm.dll+0x66e715]
C  [ucrtbase.dll+0x21bb2]
C  [KERNEL32.DLL+0x17034]
C  [ntdll.dll+0x52651]


---------------  P R O C E S S  ---------------

Threads class SMR info:
_java_thread_list=0x0000029b31edd290, length=16, elements={
0x0000029b03dd2f60, 0x0000029b31c7d270, 0x0000029b31c45410, 0x0000029b31cb5550,
0x0000029b31cb8330, 0x0000029b31cbad00, 0x0000029b31cbe190, 0x0000029b31cc7b80,
0x0000029b31ccb0b0, 0x0000029b31cd7600, 0x0000029b31e0f100, 0x0000029b31e2cca0,
0x0000029b31e36cc0, 0x0000029b31e38e70, 0x0000029b3205ffc0, 0x0000029b31f13e70
}

Java Threads: ( => current thread )
  0x0000029b03dd2f60 JavaThread "main" [_thread_in_vm, id=68328, stack(0x000000bd73700000,0x000000bd73800000)]
  0x0000029b31c7d270 JavaThread "Reference Handler" daemon [_thread_blocked, id=65800, stack(0x000000bd73e00000,0x000000bd73f00000)]
  0x0000029b31c45410 JavaThread "Finalizer" daemon [_thread_blocked, id=70604, stack(0x000000bd73f00000,0x000000bd74000000)]
  0x0000029b31cb5550 JavaThread "Signal Dispatcher" daemon [_thread_blocked, id=67824, stack(0x000000bd74000000,0x000000bd74100000)]
  0x0000029b31cb8330 JavaThread "Attach Listener" daemon [_thread_blocked, id=71044, stack(0x000000bd74100000,0x000000bd74200000)]
  0x0000029b31cbad00 JavaThread "Service Thread" daemon [_thread_blocked, id=71468, stack(0x000000bd74200000,0x000000bd74300000)]
  0x0000029b31cbe190 JavaThread "Monitor Deflation Thread" daemon [_thread_blocked, id=71364, stack(0x000000bd74300000,0x000000bd74400000)]
=>0x0000029b31cc7b80 JavaThread "C2 CompilerThread0" daemon [_thread_in_native, id=21832, stack(0x000000bd74400000,0x000000bd74500000)]
  0x0000029b31ccb0b0 JavaThread "C1 CompilerThread0" daemon [_thread_blocked, id=70176, stack(0x000000bd74500000,0x000000bd74600000)]
  0x0000029b31cd7600 JavaThread "Sweeper thread" daemon [_thread_blocked, id=67740, stack(0x000000bd74600000,0x000000bd74700000)]
  0x0000029b31e0f100 JavaThread "C1 CompilerThread1" daemon [_thread_blocked, id=69412, stack(0x000000bd74700000,0x000000bd74800000)]
  0x0000029b31e2cca0 JavaThread "C1 CompilerThread2" daemon [_thread_blocked, id=28312, stack(0x000000bd74800000,0x000000bd74900000)]
  0x0000029b31e36cc0 JavaThread "Notification Thread" daemon [_thread_blocked, id=70096, stack(0x000000bd74900000,0x000000bd74a00000)]
  0x0000029b31e38e70 JavaThread "Common-Cleaner" daemon [_thread_blocked, id=71560, stack(0x000000bd74b00000,0x000000bd74c00000)]
  0x0000029b3205ffc0 JavaThread "C1 CompilerThread3" daemon [_thread_blocked, id=70620, stack(0x000000bd74c00000,0x000000bd74d00000)]
  0x0000029b31f13e70 JavaThread "C2 CompilerThread1" daemon [_thread_blocked, id=71008, stack(0x000000bd74d00000,0x000000bd74e00000)]

Other Threads:
  0x0000029b31c41b30 VMThread "VM Thread" [stack: 0x000000bd73d00000,0x000000bd73e00000] [id=60108]
  0x0000029b03e9f970 WatcherThread [stack: 0x000000bd74a00000,0x000000bd74b00000] [id=66348]
  0x0000029b03e4a0c0 GCTaskThread "GC Thread#0" [stack: 0x000000bd73800000,0x000000bd73900000] [id=70388]
  0x0000029b03e5d9d0 ConcurrentGCThread "G1 Main Marker" [stack: 0x000000bd73900000,0x000000bd73a00000] [id=62148]
  0x0000029b03e5e2f0 ConcurrentGCThread "G1 Conc#0" [stack: 0x000000bd73a00000,0x000000bd73b00000] [id=68040]
  0x0000029b311175c0 ConcurrentGCThread "G1 Refine#0" [stack: 0x000000bd73b00000,0x000000bd73c00000] [id=69188]
  0x0000029b31117ef0 ConcurrentGCThread "G1 Service" [stack: 0x000000bd73c00000,0x000000bd73d00000] [id=70348]

Threads with active compile tasks:
C2 CompilerThread0      116  188       4       java.util.concurrent.ConcurrentHashMap::casTabAt (21 bytes)

VM state: not at safepoint (normal execution)

VM Mutex/Monitor currently owned by a thread:  ([mutex/lock_event])
[0x0000029b03dcd0b0] Metaspace_lock - owner thread: 0x0000029b03dd2f60

Heap address: 0x0000000602000000, size: 8160 MB, Compressed Oops mode: Zero based, Oop shift amount: 3

CDS archive(s) not mapped
Compressed class space mapped at: 0x0000000800000000-0x0000000840000000, reserved size: 1073741824
Narrow klass base: 0x0000000800000000, Narrow klass shift: 0, Narrow klass range: 0x40000000

GC Precious Log:
 CPUs: 20 total, 20 available
 Memory: 32637M
 Large Page Support: Disabled
 NUMA Support: Disabled
 Compressed Oops: Enabled (Zero based)
 Heap Region Size: 4M
 Heap Min Capacity: 8M
 Heap Initial Capacity: 512M
 Heap Max Capacity: 8160M
 Pre-touch: Disabled
 Parallel Workers: 15
 Concurrent Workers: 4
 Concurrent Refinement Workers: 15
 Periodic GC: Disabled

Heap:
 garbage-first heap   total 524288K, used 0K [0x0000000602000000, 0x0000000800000000)
  region size 4096K, 1 young (4096K), 0 survivors (0K)
 Metaspace       used 5872K, committed 5952K, reserved 1056768K
  class space    used 469K, committed 512K, reserved 1048576K

Heap Regions: E=young(eden), S=young(survivor), O=old, HS=humongous(starts), HC=humongous(continues), CS=collection set, F=free, OA=open archive, CA=closed archive, TAMS=top-at-mark-start (previous, next)
|   0|0x0000000602000000, 0x0000000602000000, 0x0000000602400000|  0%| F|  |TAMS 0x0000000602000000, 0x0000000602000000| Untracked 
|   1|0x0000000602400000, 0x0000000602400000, 0x0000000602800000|  0%| F|  |TAMS 0x0000000602400000, 0x0000000602400000| Untracked 
|   2|0x0000000602800000, 0x0000000602800000, 0x0000000602c00000|  0%| F|  |TAMS 0x0000000602800000, 0x0000000602800000| Untracked 
|   3|0x0000000602c00000, 0x0000000602c00000, 0x0000000603000000|  0%| F|  |TAMS 0x0000000602c00000, 0x0000000602c00000| Untracked 
|   4|0x0000000603000000, 0x0000000603000000, 0x0000000603400000|  0%| F|  |TAMS 0x0000000603000000, 0x0000000603000000| Untracked 
|   5|0x0000000603400000, 0x0000000603400000, 0x0000000603800000|  0%| F|  |TAMS 0x0000000603400000, 0x0000000603400000| Untracked 
|   6|0x0000000603800000, 0x0000000603800000, 0x0000000603c00000|  0%| F|  |TAMS 0x0000000603800000, 0x0000000603800000| Untracked 
|   7|0x0000000603c00000, 0x0000000603c00000, 0x0000000604000000|  0%| F|  |TAMS 0x0000000603c00000, 0x0000000603c00000| Untracked 
|   8|0x0000000604000000, 0x0000000604000000, 0x0000000604400000|  0%| F|  |TAMS 0x0000000604000000, 0x0000000604000000| Untracked 
|   9|0x0000000604400000, 0x0000000604400000, 0x0000000604800000|  0%| F|  |TAMS 0x0000000604400000, 0x0000000604400000| Untracked 
|  10|0x0000000604800000, 0x0000000604800000, 0x0000000604c00000|  0%| F|  |TAMS 0x0000000604800000, 0x0000000604800000| Untracked 
|  11|0x0000000604c00000, 0x0000000604c00000, 0x0000000605000000|  0%| F|  |TAMS 0x0000000604c00000, 0x0000000604c00000| Untracked 
|  12|0x0000000605000000, 0x0000000605000000, 0x0000000605400000|  0%| F|  |TAMS 0x0000000605000000, 0x0000000605000000| Untracked 
|  13|0x0000000605400000, 0x0000000605400000, 0x0000000605800000|  0%| F|  |TAMS 0x0000000605400000, 0x0000000605400000| Untracked 
|  14|0x0000000605800000, 0x0000000605800000, 0x0000000605c00000|  0%| F|  |TAMS 0x0000000605800000, 0x0000000605800000| Untracked 
|  15|0x0000000605c00000, 0x0000000605c00000, 0x0000000606000000|  0%| F|  |TAMS 0x0000000605c00000, 0x0000000605c00000| Untracked 
|  16|0x0000000606000000, 0x0000000606000000, 0x0000000606400000|  0%| F|  |TAMS 0x0000000606000000, 0x0000000606000000| Untracked 
|  17|0x0000000606400000, 0x0000000606400000, 0x0000000606800000|  0%| F|  |TAMS 0x0000000606400000, 0x0000000606400000| Untracked 
|  18|0x0000000606800000, 0x0000000606800000, 0x0000000606c00000|  0%| F|  |TAMS 0x0000000606800000, 0x0000000606800000| Untracked 
|  19|0x0000000606c00000, 0x0000000606c00000, 0x0000000607000000|  0%| F|  |TAMS 0x0000000606c00000, 0x0000000606c00000| Untracked 
|  20|0x0000000607000000, 0x0000000607000000, 0x0000000607400000|  0%| F|  |TAMS 0x0000000607000000, 0x0000000607000000| Untracked 
|  21|0x0000000607400000, 0x0000000607400000, 0x0000000607800000|  0%| F|  |TAMS 0x0000000607400000, 0x0000000607400000| Untracked 
|  22|0x0000000607800000, 0x0000000607800000, 0x0000000607c00000|  0%| F|  |TAMS 0x0000000607800000, 0x0000000607800000| Untracked 
|  23|0x0000000607c00000, 0x0000000607c00000, 0x0000000608000000|  0%| F|  |TAMS 0x0000000607c00000, 0x0000000607c00000| Untracked 
|  24|0x0000000608000000, 0x0000000608000000, 0x0000000608400000|  0%| F|  |TAMS 0x0000000608000000, 0x0000000608000000| Untracked 
|  25|0x0000000608400000, 0x0000000608400000, 0x0000000608800000|  0%| F|  |TAMS 0x0000000608400000, 0x0000000608400000| Untracked 
|  26|0x0000000608800000, 0x0000000608800000, 0x0000000608c00000|  0%| F|  |TAMS 0x0000000608800000, 0x0000000608800000| Untracked 
|  27|0x0000000608c00000, 0x0000000608c00000, 0x0000000609000000|  0%| F|  |TAMS 0x0000000608c00000, 0x0000000608c00000| Untracked 
|  28|0x0000000609000000, 0x0000000609000000, 0x0000000609400000|  0%| F|  |TAMS 0x0000000609000000, 0x0000000609000000| Untracked 
|  29|0x0000000609400000, 0x0000000609400000, 0x0000000609800000|  0%| F|  |TAMS 0x0000000609400000, 0x0000000609400000| Untracked 
|  30|0x0000000609800000, 0x0000000609800000, 0x0000000609c00000|  0%| F|  |TAMS 0x0000000609800000, 0x0000000609800000| Untracked 
|  31|0x0000000609c00000, 0x0000000609c00000, 0x000000060a000000|  0%| F|  |TAMS 0x0000000609c00000, 0x0000000609c00000| Untracked 
|  32|0x000000060a000000, 0x000000060a000000, 0x000000060a400000|  0%| F|  |TAMS 0x000000060a000000, 0x000000060a000000| Untracked 
|  33|0x000000060a400000, 0x000000060a400000, 0x000000060a800000|  0%| F|  |TAMS 0x000000060a400000, 0x000000060a400000| Untracked 
|  34|0x000000060a800000, 0x000000060a800000, 0x000000060ac00000|  0%| F|  |TAMS 0x000000060a800000, 0x000000060a800000| Untracked 
|  35|0x000000060ac00000, 0x000000060ac00000, 0x000000060b000000|  0%| F|  |TAMS 0x000000060ac00000, 0x000000060ac00000| Untracked 
|  36|0x000000060b000000, 0x000000060b000000, 0x000000060b400000|  0%| F|  |TAMS 0x000000060b000000, 0x000000060b000000| Untracked 
|  37|0x000000060b400000, 0x000000060b400000, 0x000000060b800000|  0%| F|  |TAMS 0x000000060b400000, 0x000000060b400000| Untracked 
|  38|0x000000060b800000, 0x000000060b800000, 0x000000060bc00000|  0%| F|  |TAMS 0x000000060b800000, 0x000000060b800000| Untracked 
|  39|0x000000060bc00000, 0x000000060bc00000, 0x000000060c000000|  0%| F|  |TAMS 0x000000060bc00000, 0x000000060bc00000| Untracked 
|  40|0x000000060c000000, 0x000000060c000000, 0x000000060c400000|  0%| F|  |TAMS 0x000000060c000000, 0x000000060c000000| Untracked 
|  41|0x000000060c400000, 0x000000060c400000, 0x000000060c800000|  0%| F|  |TAMS 0x000000060c400000, 0x000000060c400000| Untracked 
|  42|0x000000060c800000, 0x000000060c800000, 0x000000060cc00000|  0%| F|  |TAMS 0x000000060c800000, 0x000000060c800000| Untracked 
|  43|0x000000060cc00000, 0x000000060cc00000, 0x000000060d000000|  0%| F|  |TAMS 0x000000060cc00000, 0x000000060cc00000| Untracked 
|  44|0x000000060d000000, 0x000000060d000000, 0x000000060d400000|  0%| F|  |TAMS 0x000000060d000000, 0x000000060d000000| Untracked 
|  45|0x000000060d400000, 0x000000060d400000, 0x000000060d800000|  0%| F|  |TAMS 0x000000060d400000, 0x000000060d400000| Untracked 
|  46|0x000000060d800000, 0x000000060d800000, 0x000000060dc00000|  0%| F|  |TAMS 0x000000060d800000, 0x000000060d800000| Untracked 
|  47|0x000000060dc00000, 0x000000060dc00000, 0x000000060e000000|  0%| F|  |TAMS 0x000000060dc00000, 0x000000060dc00000| Untracked 
|  48|0x000000060e000000, 0x000000060e000000, 0x000000060e400000|  0%| F|  |TAMS 0x000000060e000000, 0x000000060e000000| Untracked 
|  49|0x000000060e400000, 0x000000060e400000, 0x000000060e800000|  0%| F|  |TAMS 0x000000060e400000, 0x000000060e400000| Untracked 
|  50|0x000000060e800000, 0x000000060e800000, 0x000000060ec00000|  0%| F|  |TAMS 0x000000060e800000, 0x000000060e800000| Untracked 
|  51|0x000000060ec00000, 0x000000060ec00000, 0x000000060f000000|  0%| F|  |TAMS 0x000000060ec00000, 0x000000060ec00000| Untracked 
|  52|0x000000060f000000, 0x000000060f000000, 0x000000060f400000|  0%| F|  |TAMS 0x000000060f000000, 0x000000060f000000| Untracked 
|  53|0x000000060f400000, 0x000000060f400000, 0x000000060f800000|  0%| F|  |TAMS 0x000000060f400000, 0x000000060f400000| Untracked 
|  54|0x000000060f800000, 0x000000060f800000, 0x000000060fc00000|  0%| F|  |TAMS 0x000000060f800000, 0x000000060f800000| Untracked 
|  55|0x000000060fc00000, 0x000000060fc00000, 0x0000000610000000|  0%| F|  |TAMS 0x000000060fc00000, 0x000000060fc00000| Untracked 
|  56|0x0000000610000000, 0x0000000610000000, 0x0000000610400000|  0%| F|  |TAMS 0x0000000610000000, 0x0000000610000000| Untracked 
|  57|0x0000000610400000, 0x0000000610400000, 0x0000000610800000|  0%| F|  |TAMS 0x0000000610400000, 0x0000000610400000| Untracked 
|  58|0x0000000610800000, 0x0000000610800000, 0x0000000610c00000|  0%| F|  |TAMS 0x0000000610800000, 0x0000000610800000| Untracked 
|  59|0x0000000610c00000, 0x0000000610c00000, 0x0000000611000000|  0%| F|  |TAMS 0x0000000610c00000, 0x0000000610c00000| Untracked 
|  60|0x0000000611000000, 0x0000000611000000, 0x0000000611400000|  0%| F|  |TAMS 0x0000000611000000, 0x0000000611000000| Untracked 
|  61|0x0000000611400000, 0x0000000611400000, 0x0000000611800000|  0%| F|  |TAMS 0x0000000611400000, 0x0000000611400000| Untracked 
|  62|0x0000000611800000, 0x0000000611800000, 0x0000000611c00000|  0%| F|  |TAMS 0x0000000611800000, 0x0000000611800000| Untracked 
|  63|0x0000000611c00000, 0x0000000611c00000, 0x0000000612000000|  0%| F|  |TAMS 0x0000000611c00000, 0x0000000611c00000| Untracked 
|  64|0x0000000612000000, 0x0000000612000000, 0x0000000612400000|  0%| F|  |TAMS 0x0000000612000000, 0x0000000612000000| Untracked 
|  65|0x0000000612400000, 0x0000000612400000, 0x0000000612800000|  0%| F|  |TAMS 0x0000000612400000, 0x0000000612400000| Untracked 
|  66|0x0000000612800000, 0x0000000612800000, 0x0000000612c00000|  0%| F|  |TAMS 0x0000000612800000, 0x0000000612800000| Untracked 
|  67|0x0000000612c00000, 0x0000000612c00000, 0x0000000613000000|  0%| F|  |TAMS 0x0000000612c00000, 0x0000000612c00000| Untracked 
|  68|0x0000000613000000, 0x0000000613000000, 0x0000000613400000|  0%| F|  |TAMS 0x0000000613000000, 0x0000000613000000| Untracked 
|  69|0x0000000613400000, 0x0000000613400000, 0x0000000613800000|  0%| F|  |TAMS 0x0000000613400000, 0x0000000613400000| Untracked 
|  70|0x0000000613800000, 0x0000000613800000, 0x0000000613c00000|  0%| F|  |TAMS 0x0000000613800000, 0x0000000613800000| Untracked 
|  71|0x0000000613c00000, 0x0000000613c00000, 0x0000000614000000|  0%| F|  |TAMS 0x0000000613c00000, 0x0000000613c00000| Untracked 
|  72|0x0000000614000000, 0x0000000614000000, 0x0000000614400000|  0%| F|  |TAMS 0x0000000614000000, 0x0000000614000000| Untracked 
|  73|0x0000000614400000, 0x0000000614400000, 0x0000000614800000|  0%| F|  |TAMS 0x0000000614400000, 0x0000000614400000| Untracked 
|  74|0x0000000614800000, 0x0000000614800000, 0x0000000614c00000|  0%| F|  |TAMS 0x0000000614800000, 0x0000000614800000| Untracked 
|  75|0x0000000614c00000, 0x0000000614c00000, 0x0000000615000000|  0%| F|  |TAMS 0x0000000614c00000, 0x0000000614c00000| Untracked 
|  76|0x0000000615000000, 0x0000000615000000, 0x0000000615400000|  0%| F|  |TAMS 0x0000000615000000, 0x0000000615000000| Untracked 
|  77|0x0000000615400000, 0x0000000615400000, 0x0000000615800000|  0%| F|  |TAMS 0x0000000615400000, 0x0000000615400000| Untracked 
|  78|0x0000000615800000, 0x0000000615800000, 0x0000000615c00000|  0%| F|  |TAMS 0x0000000615800000, 0x0000000615800000| Untracked 
|  79|0x0000000615c00000, 0x0000000615c00000, 0x0000000616000000|  0%| F|  |TAMS 0x0000000615c00000, 0x0000000615c00000| Untracked 
|  80|0x0000000616000000, 0x0000000616000000, 0x0000000616400000|  0%| F|  |TAMS 0x0000000616000000, 0x0000000616000000| Untracked 
|  81|0x0000000616400000, 0x0000000616400000, 0x0000000616800000|  0%| F|  |TAMS 0x0000000616400000, 0x0000000616400000| Untracked 
|  82|0x0000000616800000, 0x0000000616800000, 0x0000000616c00000|  0%| F|  |TAMS 0x0000000616800000, 0x0000000616800000| Untracked 
|  83|0x0000000616c00000, 0x0000000616c00000, 0x0000000617000000|  0%| F|  |TAMS 0x0000000616c00000, 0x0000000616c00000| Untracked 
|  84|0x0000000617000000, 0x0000000617000000, 0x0000000617400000|  0%| F|  |TAMS 0x0000000617000000, 0x0000000617000000| Untracked 
|  85|0x0000000617400000, 0x0000000617400000, 0x0000000617800000|  0%| F|  |TAMS 0x0000000617400000, 0x0000000617400000| Untracked 
|  86|0x0000000617800000, 0x0000000617800000, 0x0000000617c00000|  0%| F|  |TAMS 0x0000000617800000, 0x0000000617800000| Untracked 
|  87|0x0000000617c00000, 0x0000000617c00000, 0x0000000618000000|  0%| F|  |TAMS 0x0000000617c00000, 0x0000000617c00000| Untracked 
|  88|0x0000000618000000, 0x0000000618000000, 0x0000000618400000|  0%| F|  |TAMS 0x0000000618000000, 0x0000000618000000| Untracked 
|  89|0x0000000618400000, 0x0000000618400000, 0x0000000618800000|  0%| F|  |TAMS 0x0000000618400000, 0x0000000618400000| Untracked 
|  90|0x0000000618800000, 0x0000000618800000, 0x0000000618c00000|  0%| F|  |TAMS 0x0000000618800000, 0x0000000618800000| Untracked 
|  91|0x0000000618c00000, 0x0000000618c00000, 0x0000000619000000|  0%| F|  |TAMS 0x0000000618c00000, 0x0000000618c00000| Untracked 
|  92|0x0000000619000000, 0x0000000619000000, 0x0000000619400000|  0%| F|  |TAMS 0x0000000619000000, 0x0000000619000000| Untracked 
|  93|0x0000000619400000, 0x0000000619400000, 0x0000000619800000|  0%| F|  |TAMS 0x0000000619400000, 0x0000000619400000| Untracked 
|  94|0x0000000619800000, 0x0000000619800000, 0x0000000619c00000|  0%| F|  |TAMS 0x0000000619800000, 0x0000000619800000| Untracked 
|  95|0x0000000619c00000, 0x0000000619c00000, 0x000000061a000000|  0%| F|  |TAMS 0x0000000619c00000, 0x0000000619c00000| Untracked 
|  96|0x000000061a000000, 0x000000061a000000, 0x000000061a400000|  0%| F|  |TAMS 0x000000061a000000, 0x000000061a000000| Untracked 
|  97|0x000000061a400000, 0x000000061a400000, 0x000000061a800000|  0%| F|  |TAMS 0x000000061a400000, 0x000000061a400000| Untracked 
|  98|0x000000061a800000, 0x000000061a800000, 0x000000061ac00000|  0%| F|  |TAMS 0x000000061a800000, 0x000000061a800000| Untracked 
|  99|0x000000061ac00000, 0x000000061ac00000, 0x000000061b000000|  0%| F|  |TAMS 0x000000061ac00000, 0x000000061ac00000| Untracked 
| 100|0x000000061b000000, 0x000000061b000000, 0x000000061b400000|  0%| F|  |TAMS 0x000000061b000000, 0x000000061b000000| Untracked 
| 101|0x000000061b400000, 0x000000061b400000, 0x000000061b800000|  0%| F|  |TAMS 0x000000061b400000, 0x000000061b400000| Untracked 
| 102|0x000000061b800000, 0x000000061b800000, 0x000000061bc00000|  0%| F|  |TAMS 0x000000061b800000, 0x000000061b800000| Untracked 
| 103|0x000000061bc00000, 0x000000061bc00000, 0x000000061c000000|  0%| F|  |TAMS 0x000000061bc00000, 0x000000061bc00000| Untracked 
| 104|0x000000061c000000, 0x000000061c000000, 0x000000061c400000|  0%| F|  |TAMS 0x000000061c000000, 0x000000061c000000| Untracked 
| 105|0x000000061c400000, 0x000000061c400000, 0x000000061c800000|  0%| F|  |TAMS 0x000000061c400000, 0x000000061c400000| Untracked 
| 106|0x000000061c800000, 0x000000061c800000, 0x000000061cc00000|  0%| F|  |TAMS 0x000000061c800000, 0x000000061c800000| Untracked 
| 107|0x000000061cc00000, 0x000000061cc00000, 0x000000061d000000|  0%| F|  |TAMS 0x000000061cc00000, 0x000000061cc00000| Untracked 
| 108|0x000000061d000000, 0x000000061d000000, 0x000000061d400000|  0%| F|  |TAMS 0x000000061d000000, 0x000000061d000000| Untracked 
| 109|0x000000061d400000, 0x000000061d400000, 0x000000061d800000|  0%| F|  |TAMS 0x000000061d400000, 0x000000061d400000| Untracked 
| 110|0x000000061d800000, 0x000000061d800000, 0x000000061dc00000|  0%| F|  |TAMS 0x000000061d800000, 0x000000061d800000| Untracked 
| 111|0x000000061dc00000, 0x000000061dc00000, 0x000000061e000000|  0%| F|  |TAMS 0x000000061dc00000, 0x000000061dc00000| Untracked 
| 112|0x000000061e000000, 0x000000061e000000, 0x000000061e400000|  0%| F|  |TAMS 0x000000061e000000, 0x000000061e000000| Untracked 
| 113|0x000000061e400000, 0x000000061e400000, 0x000000061e800000|  0%| F|  |TAMS 0x000000061e400000, 0x000000061e400000| Untracked 
| 114|0x000000061e800000, 0x000000061e800000, 0x000000061ec00000|  0%| F|  |TAMS 0x000000061e800000, 0x000000061e800000| Untracked 
| 115|0x000000061ec00000, 0x000000061ec00000, 0x000000061f000000|  0%| F|  |TAMS 0x000000061ec00000, 0x000000061ec00000| Untracked 
| 116|0x000000061f000000, 0x000000061f000000, 0x000000061f400000|  0%| F|  |TAMS 0x000000061f000000, 0x000000061f000000| Untracked 
| 117|0x000000061f400000, 0x000000061f400000, 0x000000061f800000|  0%| F|  |TAMS 0x000000061f400000, 0x000000061f400000| Untracked 
| 118|0x000000061f800000, 0x000000061f800000, 0x000000061fc00000|  0%| F|  |TAMS 0x000000061f800000, 0x000000061f800000| Untracked 
| 119|0x000000061fc00000, 0x000000061fc00000, 0x0000000620000000|  0%| F|  |TAMS 0x000000061fc00000, 0x000000061fc00000| Untracked 
| 120|0x0000000620000000, 0x0000000620000000, 0x0000000620400000|  0%| F|  |TAMS 0x0000000620000000, 0x0000000620000000| Untracked 
| 121|0x0000000620400000, 0x0000000620400000, 0x0000000620800000|  0%| F|  |TAMS 0x0000000620400000, 0x0000000620400000| Untracked 
| 122|0x0000000620800000, 0x0000000620800000, 0x0000000620c00000|  0%| F|  |TAMS 0x0000000620800000, 0x0000000620800000| Untracked 
| 123|0x0000000620c00000, 0x0000000620c00000, 0x0000000621000000|  0%| F|  |TAMS 0x0000000620c00000, 0x0000000620c00000| Untracked 
| 124|0x0000000621000000, 0x0000000621000000, 0x0000000621400000|  0%| F|  |TAMS 0x0000000621000000, 0x0000000621000000| Untracked 
| 125|0x0000000621400000, 0x0000000621400000, 0x0000000621800000|  0%| F|  |TAMS 0x0000000621400000, 0x0000000621400000| Untracked 
| 126|0x0000000621800000, 0x0000000621800000, 0x0000000621c00000|  0%| F|  |TAMS 0x0000000621800000, 0x0000000621800000| Untracked 
| 127|0x0000000621c00000, 0x0000000621fd7258, 0x0000000622000000| 96%| E|  |TAMS 0x0000000621c00000, 0x0000000621c00000| Complete 

Card table byte_map: [0x0000029b1c070000,0x0000029b1d060000] _byte_map_base: 0x0000029b19060000

Marking Bits (Prev, Next): (CMBitMap*) 0x0000029b03e4b5f0, (CMBitMap*) 0x0000029b03e4b630
 Prev Bits: [0x0000029b1e050000, 0x0000029b25fd0000)
 Next Bits: [0x0000029b25fd0000, 0x0000029b2df50000)

Polling page: 0x0000029b01dd0000

Metaspace:

Usage:
  Non-class:      5.28 MB used.
      Class:    469.62 KB used.
       Both:      5.73 MB used.

Virtual space:
  Non-class space:        8.00 MB reserved,       5.31 MB ( 66%) committed,  1 nodes.
      Class space:        1.00 GB reserved,     512.00 KB ( <1%) committed,  1 nodes.
             Both:        1.01 GB reserved,       5.81 MB ( <1%) committed. 

Chunk freelists:
   Non-Class:  2.47 MB
       Class:  3.52 MB
        Both:  6.00 MB

MaxMetaspaceSize: unlimited
CompressedClassSpaceSize: 1.00 GB
Initial GC threshold: 21.00 MB
Current GC threshold: 21.00 MB
CDS: off
MetaspaceReclaimPolicy: balanced
 - commit_granule_bytes: 65536.
 - commit_granule_words: 8192.
 - virtual_space_node_default_size: 1048576.
 - enlarge_chunks_in_place: 1.
 - new_chunks_are_fully_committed: 0.
 - uncommit_free_chunks: 1.
 - use_allocation_guard: 0.
 - handle_deallocations: 1.


Internal statistics:

num_allocs_failed_limit: 0.
num_arena_births: 8.
num_arena_deaths: 0.
num_vsnodes_births: 2.
num_vsnodes_deaths: 0.
num_space_committed: 93.
num_space_uncommitted: 0.
num_chunks_returned_to_freelist: 0.
num_chunks_taken_from_freelist: 17.
num_chunk_merges: 0.
num_chunk_splits: 6.
num_chunks_enlarged: 4.
num_purges: 0.
num_inconsistent_stats: 0.

CodeHeap 'non-profiled nmethods': size=119168Kb used=47Kb max_used=47Kb free=119120Kb
 bounds [0x0000029b13180000, 0x0000029b133f0000, 0x0000029b1a5e0000]
CodeHeap 'profiled nmethods': size=119104Kb used=441Kb max_used=441Kb free=118662Kb
 bounds [0x0000029b0bd30000, 0x0000029b0bfa0000, 0x0000029b13180000]
CodeHeap 'non-nmethods': size=7488Kb used=2791Kb max_used=2805Kb free=4696Kb
 bounds [0x0000029b0b5e0000, 0x0000029b0b8b0000, 0x0000029b0bd30000]
 total_blobs=608 nmethods=245 adapters=271
 compilation: enabled
              stopped_count=0, restarted_count=0
 full_count=0

Compilation events (20 events):
Event: 0.105 Thread 0x0000029b31e0f100 nmethod 189 0x0000029b0bd74890 code [0x0000029b0bd74a20, 0x0000029b0bd74b98]
Event: 0.105 Thread 0x0000029b31e0f100  192       3       sun.util.locale.BaseLocale$Key::hashCode (178 bytes)
Event: 0.105 Thread 0x0000029b31e2cca0 nmethod 186 0x0000029b0bd74c10 code [0x0000029b0bd74dc0, 0x0000029b0bd750b8]
Event: 0.105 Thread 0x0000029b31ccb0b0 nmethod 185 0x0000029b0bd75190 code [0x0000029b0bd75340, 0x0000029b0bd756f8]
Event: 0.105 Thread 0x0000029b31e2cca0  193       3       java.util.Locale::<init> (15 bytes)
Event: 0.105 Thread 0x0000029b31cc7b80 nmethod 187 0x0000029b1318a710 code [0x0000029b1318a880, 0x0000029b1318a9d8]
Event: 0.105 Thread 0x0000029b31cc7b80  191       4       java.util.Collections::emptyList (4 bytes)
Event: 0.105 Thread 0x0000029b31e2cca0 nmethod 193 0x0000029b0bd75810 code [0x0000029b0bd759c0, 0x0000029b0bd75bf8]
Event: 0.105 Thread 0x0000029b31ccb0b0  194       3       java.util.Locale::getInstance (55 bytes)
Event: 0.105 Thread 0x0000029b31e2cca0  195       3       sun.util.locale.BaseLocale$Key::getBaseLocale (25 bytes)
Event: 0.105 Thread 0x0000029b31cc7b80 nmethod 191 0x0000029b1318aa90 code [0x0000029b1318ac00, 0x0000029b1318ac58]
Event: 0.105 Thread 0x0000029b31cc7b80  188       4       java.util.concurrent.ConcurrentHashMap::casTabAt (21 bytes)
Event: 0.105 Thread 0x0000029b31e2cca0 nmethod 195 0x0000029b0bd75c90 code [0x0000029b0bd75e40, 0x0000029b0bd76188]
Event: 0.105 Thread 0x0000029b31e2cca0  196       3       sun.util.locale.InternalLocaleBuilder::<init> (29 bytes)
Event: 0.105 Thread 0x0000029b31ccb0b0 nmethod 194 0x0000029b0bd76290 code [0x0000029b0bd764a0, 0x0000029b0bd76c58]
Event: 0.105 Thread 0x0000029b31e2cca0 nmethod 196 0x0000029b0bd76e10 code [0x0000029b0bd76fc0, 0x0000029b0bd77318]
Event: 0.105 Thread 0x0000029b31ccb0b0  197       3       java.util.Locale::forLanguageTag (74 bytes)
Event: 0.105 Thread 0x0000029b31e2cca0  198       3       sun.util.locale.LanguageTag::parse (205 bytes)
Event: 0.105 Thread 0x0000029b31ccb0b0 nmethod 197 0x0000029b0bd77410 code [0x0000029b0bd77640, 0x0000029b0bd77d58]
Event: 0.105 Thread 0x0000029b31ccb0b0  203       3       sun.util.locale.LocaleUtils::toTitleString (139 bytes)

GC Heap History (0 events):
No events

Deoptimization events (4 events):
Event: 0.067 Thread 0x0000029b03dd2f60 Uncommon trap: trap_request=0xffffff45 fr.pc=0x0000029b13181380 relative=0x0000000000000080
Event: 0.067 Thread 0x0000029b03dd2f60 Uncommon trap: reason=unstable_if action=reinterpret pc=0x0000029b13181380 method=java.lang.String.isLatin1()Z @ 10 c2
Event: 0.067 Thread 0x0000029b03dd2f60 DEOPT PACKING pc=0x0000029b13181380 sp=0x000000bd737feb90
Event: 0.067 Thread 0x0000029b03dd2f60 DEOPT UNPACKING pc=0x0000029b0b6323a3 sp=0x000000bd737fead0 mode 2

Classes unloaded (0 events):
No events

Classes redefined (0 events):
No events

Internal exceptions (0 events):
No events

VM Operations (0 events):
No events

Events (20 events):
Event: 0.100 loading class java/util/ResourceBundle
Event: 0.100 loading class java/util/ResourceBundle done
Event: 0.100 loading class java/util/ResourceBundle$Control$CandidateListCache
Event: 0.100 loading class java/util/ResourceBundle$Control$CandidateListCache done
Event: 0.100 loading class java/util/ResourceBundle$NoFallbackControl
Event: 0.101 loading class java/util/ResourceBundle$SingleFormatControl
Event: 0.101 loading class java/util/ResourceBundle$SingleFormatControl done
Event: 0.101 loading class java/util/ResourceBundle$NoFallbackControl done
Event: 0.101 loading class java/util/LinkedList
Event: 0.101 loading class java/util/AbstractSequentialList
Event: 0.101 loading class java/util/AbstractSequentialList done
Event: 0.101 loading class java/util/LinkedList done
Event: 0.101 loading class java/util/LinkedList$Node
Event: 0.101 loading class java/util/LinkedList$Node done
Event: 0.101 loading class sun/util/cldr/CLDRCalendarDataProviderImpl
Event: 0.101 loading class sun/util/locale/provider/CalendarDataProviderImpl
Event: 0.101 loading class sun/util/locale/provider/CalendarDataProviderImpl done
Event: 0.101 loading class sun/util/cldr/CLDRCalendarDataProviderImpl done
Event: 0.102 loading class java/util/concurrent/ConcurrentHashMap$ForwardingNode
Event: 0.102 loading class java/util/concurrent/ConcurrentHashMap$ForwardingNode done


Dynamic libraries:
0x00007ff79e760000 - 0x00007ff79e770000 	C:\Program Files\Java\jdk-17\bin\javaw.exe
0x00007ffaa2c90000 - 0x00007ffaa2e85000 	C:\Windows\SYSTEM32\ntdll.dll
0x00007ffaa2030000 - 0x00007ffaa20ee000 	C:\Windows\System32\KERNEL32.DLL
0x00007ffaa0990000 - 0x00007ffaa0c58000 	C:\Windows\System32\KERNELBASE.dll
0x00007ffaa0830000 - 0x00007ffaa0930000 	C:\Windows\System32\ucrtbase.dll
0x00007ffa92b80000 - 0x00007ffa92b9a000 	C:\Program Files\Java\jdk-17\bin\VCRUNTIME140.dll
0x00007ffa9bc60000 - 0x00007ffa9bc78000 	C:\Program Files\Java\jdk-17\bin\jli.dll
0x00007ffaa1730000 - 0x00007ffaa17dc000 	C:\Windows\System32\ADVAPI32.dll
0x00007ffaa0cf0000 - 0x00007ffaa0d8e000 	C:\Windows\System32\msvcrt.dll
0x00007ffaa1bd0000 - 0x00007ffaa1c6b000 	C:\Windows\System32\sechost.dll
0x00007ffaa29f0000 - 0x00007ffaa2b1a000 	C:\Windows\System32\RPCRT4.dll
0x00007ffaa17e0000 - 0x00007ffaa1981000 	C:\Windows\System32\USER32.dll
0x00007ffaa0c60000 - 0x00007ffaa0c82000 	C:\Windows\System32\win32u.dll
0x00007ffa84e50000 - 0x00007ffa850ea000 	C:\Windows\WinSxS\amd64_microsoft.windows.common-controls_6595b64144ccf1df_6.0.19041.1110_none_60b5254171f9507e\COMCTL32.dll
0x00007ffaa0e40000 - 0x00007ffaa0e6b000 	C:\Windows\System32\GDI32.dll
0x00007ffaa0720000 - 0x00007ffaa082b000 	C:\Windows\System32\gdi32full.dll
0x00007ffaa0680000 - 0x00007ffaa071d000 	C:\Windows\System32\msvcp_win.dll
0x00007ffa9ad30000 - 0x00007ffa9ad3a000 	C:\Windows\SYSTEM32\VERSION.dll
0x00007ffaa1b40000 - 0x00007ffaa1b70000 	C:\Windows\System32\IMM32.DLL
0x00007ffa9bec0000 - 0x00007ffa9becc000 	C:\Program Files\Java\jdk-17\bin\vcruntime140_1.dll
0x00007ffa90970000 - 0x00007ffa909fd000 	C:\Program Files\Java\jdk-17\bin\msvcp140.dll
0x00007ffa18260000 - 0x00007ffa18e1e000 	C:\Program Files\Java\jdk-17\bin\server\jvm.dll
0x00007ffaa1660000 - 0x00007ffaa1668000 	C:\Windows\System32\PSAPI.DLL
0x00007ffa92af0000 - 0x00007ffa92af9000 	C:\Windows\SYSTEM32\WSOCK32.dll
0x00007ffa9b380000 - 0x00007ffa9b3a7000 	C:\Windows\SYSTEM32\WINMM.dll
0x00007ffaa2240000 - 0x00007ffaa22ab000 	C:\Windows\System32\WS2_32.dll
0x00007ffa9ec80000 - 0x00007ffa9ec92000 	C:\Windows\SYSTEM32\kernel.appcore.dll
0x00007ffa9be30000 - 0x00007ffa9be3a000 	C:\Program Files\Java\jdk-17\bin\jimage.dll
0x00007ffa9dff0000 - 0x00007ffa9e1d4000 	C:\Windows\SYSTEM32\DBGHELP.DLL
0x00007ffa802e0000 - 0x00007ffa8030c000 	C:\Windows\SYSTEM32\dbgcore.DLL
0x00007ffaa0490000 - 0x00007ffaa0513000 	C:\Windows\System32\bcryptPrimitives.dll
0x00007ffa92b50000 - 0x00007ffa92b75000 	C:\Program Files\Java\jdk-17\bin\java.dll
0x00007ffa6b6b0000 - 0x00007ffa6b786000 	C:\Program Files\Java\jdk-17\bin\svml.dll
0x00007ffaa0e70000 - 0x00007ffaa15af000 	C:\Windows\System32\SHELL32.dll
0x00007ffa9e4b0000 - 0x00007ffa9ec40000 	C:\Windows\SYSTEM32\windows.storage.dll
0x00007ffaa1cd0000 - 0x00007ffaa2025000 	C:\Windows\System32\combase.dll
0x00007ffa9fe00000 - 0x00007ffa9fe2e000 	C:\Windows\SYSTEM32\Wldp.dll
0x00007ffaa0d90000 - 0x00007ffaa0e3d000 	C:\Windows\System32\SHCORE.dll
0x00007ffaa1b70000 - 0x00007ffaa1bc5000 	C:\Windows\System32\shlwapi.dll
0x00007ffaa02f0000 - 0x00007ffaa030f000 	C:\Windows\SYSTEM32\profapi.dll
0x00007ffa92aa0000 - 0x00007ffa92ab8000 	C:\Program Files\Java\jdk-17\bin\zip.dll

dbghelp: loaded successfully - version: 4.0.5 - missing functions: none
symbol engine: initialized successfully - sym options: 0x614 - pdb path: .;C:\Program Files\Java\jdk-17\bin;C:\Windows\SYSTEM32;C:\Windows\WinSxS\amd64_microsoft.windows.common-controls_6595b64144ccf1df_6.0.19041.1110_none_60b5254171f9507e;C:\Program Files\Java\jdk-17\bin\server

VM Arguments:
jvm_args: -Dfile.encoding=Cp1252 -XX:+ShowCodeDetailsInExceptionMessages 
java_command: ca.mcgill.ecse.climbsafe.demo.DemoFileCreator
java_class_path (initial): C:\Dev\Eclipse\ClimbSafe223\ca.mcgill.ecse.climbsafe\app\bin\main;C:\Dev\Eclipse\ClimbSafe223\ca.mcgill.ecse.climbsafe\app\bin\test;C:\Dev\Eclipse\ClimbSafe223\ca.mcgill.ecse.climbsafe\app\bin\default;C:\Users\Alexandre\.gradle\caches\modules-2\files-2.1\com.google.guava\guava\29.0-jre\801142b4c3d0f0770dd29abea50906cacfddd447\guava-29.0-jre.jar;C:\Users\Alexandre\.gradle\caches\modules-2\files-2.1\com.google.guava\failureaccess\1.0.1\1dcf1de382a0bf95a3d8b0849546c88bac1292c9\failureaccess-1.0.1.jar;C:\Users\Alexandre\.gradle\caches\modules-2\files-2.1\com.google.guava\listenablefuture\9999.0-empty-to-avoid-conflict-with-guava\b421526c5f297295adef1c886e5246c39d4ac629\listenablefuture-9999.0-empty-to-avoid-conflict-with-guava.jar;C:\Users\Alexandre\.gradle\caches\modules-2\files-2.1\com.google.code.findbugs\jsr305\3.0.2\25ea2e8b0c338a877313bd4672d3fe056ea78f0d\jsr305-3.0.2.jar;C:\Users\Alexandre\.gradle\caches\modules-2\files-2.1\org.checkerframework\checker-qual\2.11.1\8c43bf8f99b841d23aadda6044329dad9b63c185\checker-qual-2.11.1.jar;C:\Users\Alexandre\.gradle\caches\modules-2\files-2.1\com.google.errorprone\error_prone_annotations\2.3.4\dac170e4594de319655ffb62f41cbd6dbb5e601e\error_prone_annotations-2.3.4.jar;C:\Users\Alexandre\.gradle\caches\modules-2\files-2.1\com.google.j2objc\j2objc-annotations\1.3\ba035118bc8bac37d7eff77700720999acd9986d\j2objc-annotations-1.3.jar;C:\Users\Alexandre\.gradle\caches\modules-2\files-2.1\io.cucumber\cucumber-java\6.6.0\a04d1a0090a8c3ef6b675a290d3f6a7940690e1d\cucumber-java-6.6.0.jar;C:\Users\Alexandre\.gradle\caches\modules-2\files-2.1\io.cucumber\cucumber-junit\6.6.0\b7a30fdf9a61699421db3fb8bf19a9114c95f667\cucumber-junit-6.6.0.jar;C:\Users\Alexandre\.gradle\caches\modules-2\files-2.1\org.junit.platform\junit-platform-commons\1.7.0\84e309fbf21d857aac079a3c1fffd84284e1114d\junit-platform-commons-1.7.0.jar;C:\Users\Alexandre\.gradle\caches\modules-2\files-2.1\org.junit.jupiter\junit-jupiter-api\5.7.0\b25f
Launcher Type: SUN_STANDARD

[Global flags]
     intx CICompilerCount                          = 12                                        {product} {ergonomic}
     uint ConcGCThreads                            = 4                                         {product} {ergonomic}
     uint G1ConcRefinementThreads                  = 15                                        {product} {ergonomic}
   size_t G1HeapRegionSize                         = 4194304                                   {product} {ergonomic}
    uintx GCDrainStackTargetSize                   = 64                                        {product} {ergonomic}
   size_t InitialHeapSize                          = 536870912                                 {product} {ergonomic}
   size_t MarkStackSize                            = 4194304                                   {product} {ergonomic}
   size_t MaxHeapSize                              = 8556380160                                {product} {ergonomic}
   size_t MaxNewSize                               = 5133828096                                {product} {ergonomic}
   size_t MinHeapDeltaBytes                        = 4194304                                   {product} {ergonomic}
   size_t MinHeapSize                              = 8388608                                   {product} {ergonomic}
    uintx NonNMethodCodeHeapSize                   = 7602480                                {pd product} {ergonomic}
    uintx NonProfiledCodeHeapSize                  = 122027880                              {pd product} {ergonomic}
    uintx ProfiledCodeHeapSize                     = 122027880                              {pd product} {ergonomic}
    uintx ReservedCodeCacheSize                    = 251658240                              {pd product} {ergonomic}
     bool SegmentedCodeCache                       = true                                      {product} {ergonomic}
     bool ShowCodeDetailsInExceptionMessages       = true                                   {manageable} {command line}
   size_t SoftMaxHeapSize                          = 8556380160                             {manageable} {ergonomic}
     bool UseCompressedClassPointers               = true                           {product lp64_product} {ergonomic}
     bool UseCompressedOops                        = true                           {product lp64_product} {ergonomic}
     bool UseG1GC                                  = true                                      {product} {ergonomic}
     bool UseLargePagesIndividualAllocation        = false                                  {pd product} {ergonomic}

Logging:
Log output configuration:
 #0: stdout all=warning uptime,level,tags
 #1: stderr all=off uptime,level,tags

Environment Variables:
PATH=C:/Users/Alexandre/.p2/pool/plugins/org.eclipse.justj.openjdk.hotspot.jre.full.win32.x86_64_16.0.2.v20210721-1149/jre/bin/server;C:/Users/Alexandre/.p2/pool/plugins/org.eclipse.justj.openjdk.hotspot.jre.full.win32.x86_64_16.0.2.v20210721-1149/jre/bin;C:\Program Files (x86)\Razer\ChromaBroadcast\bin;C:\Program Files\Razer\ChromaBroadcast\bin;C:\Program Files\Common Files\Oracle\Java\javapath;C:\Windows\system32;C:\Windows;C:\Windows\System32\Wbem;C:\Windows\System32\WindowsPowerShell\v1.0\;C:\Windows\System32\OpenSSH\;C:\Program Files\NVIDIA Corporation\NVIDIA NvDLISR;C:\Program Files (x86)\NVIDIA Corporation\PhysX\Common;C:\Program Files\Java\jdk-11.0.12\bin;C:\Program Files\Git\cmd;C:\Gradle\gradle-7.2\bin;C:\Windows\system32\config\systemprofile\AppData\Local\Microsoft\WindowsApps;C:\Users\Alexandre\AppData\Roaming\Microsoft\Windows\Start Menu\Programs\Python 3.9;C:\Program Files\dotnet\;C:\Users\Alexandre\AppData\Local\Programs\Python\Python39\Scripts\;C:\Users\Alexandre\AppData\Local\Programs\Python\Python39\;C:\Users\Alexandre\AppData\Local\Microsoft\WindowsApps;C:\Users\Alexandre\AppData\Local\Programs\Microsoft VS Code\bin;C:\Users\Alexandre\.dotnet\tools;C:\Users\Alexandre\AppData\Local\GitHubDesktop\bin;C:\Windows\System32;
USERNAME=Alexandre
OS=Windows_NT
PROCESSOR_IDENTIFIER=Intel64 Family 6 Model 165 Stepping 5, GenuineIntel



---------------  S Y S T E M  ---------------

OS:
 Windows 10 , 64 bit Build 19041 (10.0.19041.1348)
OS uptime: 1 days 9:21 hours

CPU: total 20 (initial active 20) (10 cores per cpu, 2 threads per core) family 6 model 165 stepping 5 microcode 0xe2, cx8, cmov, fxsr, ht, mmx, 3dnowpref, sse, sse2, sse3, ssse3, sse4.1, sse4.2, popcnt, lzcnt, tsc, tscinvbit, avx, avx2, aes, erms, clmul, bmi1, bmi2, adx, fma, vzeroupper, clflush, clflushopt

Memory: 4k page, system-wide physical 32637M (9043M free)
TotalPageFile size 130941M (AvailPageFile size 3M)
current process WorkingSet (physical memory assigned to process): 34M, peak: 34M
current process commit charge ("private bytes"): 621M, peak: 621M

vm_info: Java HotSpot(TM) 64-Bit Server VM (17+35-LTS-2724) for windows-amd64 JRE (17+35-LTS-2724), built on Aug  5 2021 23:28:28 by "mach5one" with MS VC++ 16.8 (VS2019)

END.
