#
# There is insufficient memory for the Java Runtime Environment to continue.
# Native memory allocation (mmap) failed to map 65536 bytes for Failed to commit metaspace.
# Possible reasons:
#   The system is out of physical RAM or swap space
#   The process is running with CompressedOops enabled, and the Java Heap may be blocking the growth of the native heap
# Possible solutions:
#   Reduce memory load on the system
#   Increase physical memory or swap space
#   Check if swap backing store is full
#   Decrease Java heap size (-Xmx/-Xms)
#   Decrease number of Java threads
#   Decrease Java thread stack sizes (-Xss)
#   Set larger code cache with -XX:ReservedCodeCacheSize=
#   JVM is running with Zero Based Compressed Oops mode in which the Java heap is
#     placed in the first 32GB address space. The Java Heap base address is the
#     maximum limit for the native heap growth. Please use -XX:HeapBaseMinAddress
#     to set the Java Heap base and to place the Java Heap above 32GB virtual address.
# This output file may be truncated or incomplete.
#
#  Out of Memory Error (virtualSpaceNode.cpp:110), pid=51224, tid=67460
#
# JRE version: Java(TM) SE Runtime Environment (17.0+35) (build 17+35-LTS-2724)
# Java VM: Java HotSpot(TM) 64-Bit Server VM (17+35-LTS-2724, mixed mode, sharing, tiered, compressed oops, compressed class ptrs, g1 gc, windows-amd64)
# No core dump will be written. Minidumps are not enabled by default on client versions of Windows
#

---------------  S U M M A R Y ------------

Command Line: -Dfile.encoding=Cp1252 -XX:+ShowCodeDetailsInExceptionMessages ca.mcgill.ecse.climbsafe.application.ClimbSafeApplication

Host: Intel(R) Core(TM) i9-10850K CPU @ 3.60GHz, 20 cores, 31G,  Windows 10 , 64 bit Build 19041 (10.0.19041.1348)
Time: Wed Dec  1 21:55:16 2021 Eastern Standard Time elapsed time: 0.233290 seconds (0d 0h 0m 0s)

---------------  T H R E A D  ---------------

Current thread (0x0000020db7671020):  JavaThread "AWT-EventQueue-0" [_thread_in_vm, id=67460, stack(0x000000daff300000,0x000000daff400000)]

Stack: [0x000000daff300000,0x000000daff400000]
Native frames: (J=compiled Java code, j=interpreted, Vv=VM code, C=native code)
V  [jvm.dll+0x66f8ea]
V  [jvm.dll+0x7ce224]
V  [jvm.dll+0x7cf9ce]
V  [jvm.dll+0x7d0033]
V  [jvm.dll+0x242bb5]
V  [jvm.dll+0x7ca1cb]
V  [jvm.dll+0x615a46]
V  [jvm.dll+0x615aaa]
V  [jvm.dll+0x6182ba]
V  [jvm.dll+0x6163e6]
V  [jvm.dll+0x23717f]
V  [jvm.dll+0x620015]
V  [jvm.dll+0x1e7e7b]
V  [jvm.dll+0x1e83b5]
V  [jvm.dll+0x1e8def]
V  [jvm.dll+0x1de2e1]
V  [jvm.dll+0x5375c0]
V  [jvm.dll+0x1eea87]
V  [jvm.dll+0x7489cb]
V  [jvm.dll+0x749d72]
V  [jvm.dll+0x74a509]
V  [jvm.dll+0x1e90a4]
V  [jvm.dll+0x1de2fa]
V  [jvm.dll+0x5375c0]
V  [jvm.dll+0x1eea87]
V  [jvm.dll+0x7489cb]
V  [jvm.dll+0x749d72]
V  [jvm.dll+0x74a0a8]
V  [jvm.dll+0x23af0e]
V  [jvm.dll+0x37e3a3]
C  0x0000020d90f3be4e

Java frames: (J=compiled Java code, j=interpreted, Vv=VM code)
j  java.awt.Component.dispatchEventImpl(Ljava/awt/AWTEvent;)V+89 java.desktop@17
j  java.awt.Container.dispatchEventImpl(Ljava/awt/AWTEvent;)V+42 java.desktop@17
j  java.awt.Component.dispatchEvent(Ljava/awt/AWTEvent;)V+2 java.desktop@17
j  java.awt.Container.addImpl(Ljava/awt/Component;Ljava/lang/Object;I)V+304 java.desktop@17
j  javax.swing.JTabbedPane.insertTab(Ljava/lang/String;Ljavax/swing/Icon;Ljava/awt/Component;Ljava/lang/String;I)V+87 java.desktop@17
j  javax.swing.JTabbedPane.addTab(Ljava/lang/String;Ljavax/swing/Icon;Ljava/awt/Component;Ljava/lang/String;)V+15 java.desktop@17
j  ca.mcgill.ecse.climbsafe.view.ClimbSafePage.initComponents()V+303
j  ca.mcgill.ecse.climbsafe.view.ClimbSafePage.<init>()V+99
j  ca.mcgill.ecse.climbsafe.application.ClimbSafeApplication$$Lambda$88+0x0000000800c0ddc8.run()V+4
j  java.awt.event.InvocationEvent.dispatch()V+47 java.desktop@17
j  java.awt.EventQueue.dispatchEventImpl(Ljava/awt/AWTEvent;Ljava/lang/Object;)V+21 java.desktop@17
j  java.awt.EventQueue$4.run()Ljava/lang/Void;+32 java.desktop@17
j  java.awt.EventQueue$4.run()Ljava/lang/Object;+1 java.desktop@17
j  java.security.AccessController.executePrivileged(Ljava/security/PrivilegedAction;Ljava/security/AccessControlContext;Ljava/lang/Class;)Ljava/lang/Object;+29 java.base@17
j  java.security.AccessController.doPrivileged(Ljava/security/PrivilegedAction;Ljava/security/AccessControlContext;)Ljava/lang/Object;+13 java.base@17
j  java.security.ProtectionDomain$JavaSecurityAccessImpl.doIntersectionPrivilege(Ljava/security/PrivilegedAction;Ljava/security/AccessControlContext;Ljava/security/AccessControlContext;)Ljava/lang/Object;+18 java.base@17
j  java.awt.EventQueue.dispatchEvent(Ljava/awt/AWTEvent;)V+46 java.desktop@17
j  java.awt.EventDispatchThread.pumpOneEventForFilters(I)V+78 java.desktop@17
j  java.awt.EventDispatchThread.pumpEventsForFilter(ILjava/awt/Conditional;Ljava/awt/EventFilter;)V+35 java.desktop@17
j  java.awt.EventDispatchThread.pumpEventsForHierarchy(ILjava/awt/Conditional;Ljava/awt/Component;)V+11 java.desktop@17
j  java.awt.EventDispatchThread.pumpEvents(ILjava/awt/Conditional;)V+4 java.desktop@17
j  java.awt.EventDispatchThread.pumpEvents(Ljava/awt/Conditional;)V+3 java.desktop@17
j  java.awt.EventDispatchThread.run()V+9 java.desktop@17
v  ~StubRoutines::call_stub

---------------  P R O C E S S  ---------------

Threads class SMR info:
_java_thread_list=0x0000020db7a30580, length=18, elements={
0x0000020db6b88ce0, 0x0000020db6b8c440, 0x0000020db7501090, 0x0000020db7502a50,
0x0000020db7503ba0, 0x0000020db7509200, 0x0000020db750aed0, 0x0000020db750c110,
0x0000020db751fa70, 0x0000020db762ad00, 0x0000020db7635a50, 0x0000020db766e9a0,
0x0000020db7670680, 0x0000020db76701b0, 0x0000020db766ee70, 0x0000020db7670b50,
0x0000020db7671020, 0x0000020db766f340
}

Java Threads: ( => current thread )
  0x0000020db6b88ce0 JavaThread "Reference Handler" daemon [_thread_blocked, id=67452, stack(0x000000dafe200000,0x000000dafe300000)]
  0x0000020db6b8c440 JavaThread "Finalizer" daemon [_thread_blocked, id=72036, stack(0x000000dafe300000,0x000000dafe400000)]
  0x0000020db7501090 JavaThread "Signal Dispatcher" daemon [_thread_blocked, id=64988, stack(0x000000dafe400000,0x000000dafe500000)]
  0x0000020db7502a50 JavaThread "Attach Listener" daemon [_thread_blocked, id=72044, stack(0x000000dafe500000,0x000000dafe600000)]
  0x0000020db7503ba0 JavaThread "Service Thread" daemon [_thread_blocked, id=72160, stack(0x000000dafe600000,0x000000dafe700000)]
  0x0000020db7509200 JavaThread "Monitor Deflation Thread" daemon [_thread_blocked, id=56608, stack(0x000000dafe700000,0x000000dafe800000)]
  0x0000020db750aed0 JavaThread "C2 CompilerThread0" daemon [_thread_blocked, id=72204, stack(0x000000dafe800000,0x000000dafe900000)]
  0x0000020db750c110 JavaThread "C1 CompilerThread0" daemon [_thread_blocked, id=72180, stack(0x000000dafe900000,0x000000dafea00000)]
  0x0000020db751fa70 JavaThread "Sweeper thread" daemon [_thread_blocked, id=71240, stack(0x000000dafea00000,0x000000dafeb00000)]
  0x0000020db762ad00 JavaThread "C1 CompilerThread1" daemon [_thread_blocked, id=64788, stack(0x000000dafeb00000,0x000000dafec00000)]
  0x0000020db7635a50 JavaThread "C1 CompilerThread2" daemon [_thread_blocked, id=72104, stack(0x000000dafec00000,0x000000dafed00000)]
  0x0000020db766e9a0 JavaThread "Notification Thread" daemon [_thread_blocked, id=72132, stack(0x000000dafed00000,0x000000dafee00000)]
  0x0000020db7670680 JavaThread "Common-Cleaner" daemon [_thread_blocked, id=71048, stack(0x000000dafef00000,0x000000daff000000)]
  0x0000020db76701b0 JavaThread "Java2D Disposer" daemon [_thread_blocked, id=70844, stack(0x000000daff000000,0x000000daff100000)]
  0x0000020db766ee70 JavaThread "AWT-Shutdown" [_thread_blocked, id=72348, stack(0x000000daff100000,0x000000daff200000)]
  0x0000020db7670b50 JavaThread "AWT-Windows" daemon [_thread_in_native, id=52684, stack(0x000000daff200000,0x000000daff300000)]
=>0x0000020db7671020 JavaThread "AWT-EventQueue-0" [_thread_in_vm, id=67460, stack(0x000000daff300000,0x000000daff400000)]
  0x0000020db766f340 JavaThread "DestroyJavaVM" [_thread_blocked, id=63820, stack(0x000000dafdb00000,0x000000dafdc00000)]

Other Threads:
  0x0000020db6b82c80 VMThread "VM Thread" [stack: 0x000000dafe100000,0x000000dafe200000] [id=68864]
  0x0000020db76377f0 WatcherThread [stack: 0x000000dafee00000,0x000000dafef00000] [id=56592]
  0x0000020d89784f50 GCTaskThread "GC Thread#0" [stack: 0x000000dafdc00000,0x000000dafdd00000] [id=64296]
  0x0000020d89797540 ConcurrentGCThread "G1 Main Marker" [stack: 0x000000dafdd00000,0x000000dafde00000] [id=72352]
  0x0000020d89797f50 ConcurrentGCThread "G1 Conc#0" [stack: 0x000000dafde00000,0x000000dafdf00000] [id=66972]
  0x0000020db6a3e140 ConcurrentGCThread "G1 Refine#0" [stack: 0x000000dafdf00000,0x000000dafe000000] [id=65840]
  0x0000020db6a3e970 ConcurrentGCThread "G1 Service" [stack: 0x000000dafe000000,0x000000dafe100000] [id=71524]

Threads with active compile tasks:

VM state: not at safepoint (normal execution)

VM Mutex/Monitor currently owned by a thread:  ([mutex/lock_event])
[0x0000020d8749b780] Metaspace_lock - owner thread: 0x0000020db7671020

Heap address: 0x0000000602000000, size: 8160 MB, Compressed Oops mode: Zero based, Oop shift amount: 3

CDS archive(s) mapped at: [0x0000000800000000-0x0000000800bc0000-0x0000000800bc0000), size 12320768, SharedBaseAddress: 0x0000000800000000, ArchiveRelocationMode: 0.
Compressed class space mapped at: 0x0000000800c00000-0x0000000840c00000, reserved size: 1073741824
Narrow klass base: 0x0000000800000000, Narrow klass shift: 0, Narrow klass range: 0x100000000

GC Precious Log:
 CPUs: 20 total, 20 available
 Memory: 32637M
 Large Page Support: Disabled
 NUMA Support: Disabled
 Compressed Oops: Enabled (Zero based)
 Heap Region Size: 4M
 Heap Min Capacity: 8M
 Heap Initial Capacity: 512M
 Heap Max Capacity: 8160M
 Pre-touch: Disabled
 Parallel Workers: 15
 Concurrent Workers: 4
 Concurrent Refinement Workers: 15
 Periodic GC: Disabled

Heap:
 garbage-first heap   total 524288K, used 4096K [0x0000000602000000, 0x0000000800000000)
  region size 4096K, 2 young (8192K), 0 survivors (0K)
 Metaspace       used 5536K, committed 5696K, reserved 1056768K
  class space    used 622K, committed 704K, reserved 1048576K

Heap Regions: E=young(eden), S=young(survivor), O=old, HS=humongous(starts), HC=humongous(continues), CS=collection set, F=free, OA=open archive, CA=closed archive, TAMS=top-at-mark-start (previous, next)
|   0|0x0000000602000000, 0x0000000602000000, 0x0000000602400000|  0%| F|  |TAMS 0x0000000602000000, 0x0000000602000000| Untracked 
|   1|0x0000000602400000, 0x0000000602400000, 0x0000000602800000|  0%| F|  |TAMS 0x0000000602400000, 0x0000000602400000| Untracked 
|   2|0x0000000602800000, 0x0000000602800000, 0x0000000602c00000|  0%| F|  |TAMS 0x0000000602800000, 0x0000000602800000| Untracked 
|   3|0x0000000602c00000, 0x0000000602c00000, 0x0000000603000000|  0%| F|  |TAMS 0x0000000602c00000, 0x0000000602c00000| Untracked 
|   4|0x0000000603000000, 0x0000000603000000, 0x0000000603400000|  0%| F|  |TAMS 0x0000000603000000, 0x0000000603000000| Untracked 
|   5|0x0000000603400000, 0x0000000603400000, 0x0000000603800000|  0%| F|  |TAMS 0x0000000603400000, 0x0000000603400000| Untracked 
|   6|0x0000000603800000, 0x0000000603800000, 0x0000000603c00000|  0%| F|  |TAMS 0x0000000603800000, 0x0000000603800000| Untracked 
|   7|0x0000000603c00000, 0x0000000603c00000, 0x0000000604000000|  0%| F|  |TAMS 0x0000000603c00000, 0x0000000603c00000| Untracked 
|   8|0x0000000604000000, 0x0000000604000000, 0x0000000604400000|  0%| F|  |TAMS 0x0000000604000000, 0x0000000604000000| Untracked 
|   9|0x0000000604400000, 0x0000000604400000, 0x0000000604800000|  0%| F|  |TAMS 0x0000000604400000, 0x0000000604400000| Untracked 
|  10|0x0000000604800000, 0x0000000604800000, 0x0000000604c00000|  0%| F|  |TAMS 0x0000000604800000, 0x0000000604800000| Untracked 
|  11|0x0000000604c00000, 0x0000000604c00000, 0x0000000605000000|  0%| F|  |TAMS 0x0000000604c00000, 0x0000000604c00000| Untracked 
|  12|0x0000000605000000, 0x0000000605000000, 0x0000000605400000|  0%| F|  |TAMS 0x0000000605000000, 0x0000000605000000| Untracked 
|  13|0x0000000605400000, 0x0000000605400000, 0x0000000605800000|  0%| F|  |TAMS 0x0000000605400000, 0x0000000605400000| Untracked 
|  14|0x0000000605800000, 0x0000000605800000, 0x0000000605c00000|  0%| F|  |TAMS 0x0000000605800000, 0x0000000605800000| Untracked 
|  15|0x0000000605c00000, 0x0000000605c00000, 0x0000000606000000|  0%| F|  |TAMS 0x0000000605c00000, 0x0000000605c00000| Untracked 
|  16|0x0000000606000000, 0x0000000606000000, 0x0000000606400000|  0%| F|  |TAMS 0x0000000606000000, 0x0000000606000000| Untracked 
|  17|0x0000000606400000, 0x0000000606400000, 0x0000000606800000|  0%| F|  |TAMS 0x0000000606400000, 0x0000000606400000| Untracked 
|  18|0x0000000606800000, 0x0000000606800000, 0x0000000606c00000|  0%| F|  |TAMS 0x0000000606800000, 0x0000000606800000| Untracked 
|  19|0x0000000606c00000, 0x0000000606c00000, 0x0000000607000000|  0%| F|  |TAMS 0x0000000606c00000, 0x0000000606c00000| Untracked 
|  20|0x0000000607000000, 0x0000000607000000, 0x0000000607400000|  0%| F|  |TAMS 0x0000000607000000, 0x0000000607000000| Untracked 
|  21|0x0000000607400000, 0x0000000607400000, 0x0000000607800000|  0%| F|  |TAMS 0x0000000607400000, 0x0000000607400000| Untracked 
|  22|0x0000000607800000, 0x0000000607800000, 0x0000000607c00000|  0%| F|  |TAMS 0x0000000607800000, 0x0000000607800000| Untracked 
|  23|0x0000000607c00000, 0x0000000607c00000, 0x0000000608000000|  0%| F|  |TAMS 0x0000000607c00000, 0x0000000607c00000| Untracked 
|  24|0x0000000608000000, 0x0000000608000000, 0x0000000608400000|  0%| F|  |TAMS 0x0000000608000000, 0x0000000608000000| Untracked 
|  25|0x0000000608400000, 0x0000000608400000, 0x0000000608800000|  0%| F|  |TAMS 0x0000000608400000, 0x0000000608400000| Untracked 
|  26|0x0000000608800000, 0x0000000608800000, 0x0000000608c00000|  0%| F|  |TAMS 0x0000000608800000, 0x0000000608800000| Untracked 
|  27|0x0000000608c00000, 0x0000000608c00000, 0x0000000609000000|  0%| F|  |TAMS 0x0000000608c00000, 0x0000000608c00000| Untracked 
|  28|0x0000000609000000, 0x0000000609000000, 0x0000000609400000|  0%| F|  |TAMS 0x0000000609000000, 0x0000000609000000| Untracked 
|  29|0x0000000609400000, 0x0000000609400000, 0x0000000609800000|  0%| F|  |TAMS 0x0000000609400000, 0x0000000609400000| Untracked 
|  30|0x0000000609800000, 0x0000000609800000, 0x0000000609c00000|  0%| F|  |TAMS 0x0000000609800000, 0x0000000609800000| Untracked 
|  31|0x0000000609c00000, 0x0000000609c00000, 0x000000060a000000|  0%| F|  |TAMS 0x0000000609c00000, 0x0000000609c00000| Untracked 
|  32|0x000000060a000000, 0x000000060a000000, 0x000000060a400000|  0%| F|  |TAMS 0x000000060a000000, 0x000000060a000000| Untracked 
|  33|0x000000060a400000, 0x000000060a400000, 0x000000060a800000|  0%| F|  |TAMS 0x000000060a400000, 0x000000060a400000| Untracked 
|  34|0x000000060a800000, 0x000000060a800000, 0x000000060ac00000|  0%| F|  |TAMS 0x000000060a800000, 0x000000060a800000| Untracked 
|  35|0x000000060ac00000, 0x000000060ac00000, 0x000000060b000000|  0%| F|  |TAMS 0x000000060ac00000, 0x000000060ac00000| Untracked 
|  36|0x000000060b000000, 0x000000060b000000, 0x000000060b400000|  0%| F|  |TAMS 0x000000060b000000, 0x000000060b000000| Untracked 
|  37|0x000000060b400000, 0x000000060b400000, 0x000000060b800000|  0%| F|  |TAMS 0x000000060b400000, 0x000000060b400000| Untracked 
|  38|0x000000060b800000, 0x000000060b800000, 0x000000060bc00000|  0%| F|  |TAMS 0x000000060b800000, 0x000000060b800000| Untracked 
|  39|0x000000060bc00000, 0x000000060bc00000, 0x000000060c000000|  0%| F|  |TAMS 0x000000060bc00000, 0x000000060bc00000| Untracked 
|  40|0x000000060c000000, 0x000000060c000000, 0x000000060c400000|  0%| F|  |TAMS 0x000000060c000000, 0x000000060c000000| Untracked 
|  41|0x000000060c400000, 0x000000060c400000, 0x000000060c800000|  0%| F|  |TAMS 0x000000060c400000, 0x000000060c400000| Untracked 
|  42|0x000000060c800000, 0x000000060c800000, 0x000000060cc00000|  0%| F|  |TAMS 0x000000060c800000, 0x000000060c800000| Untracked 
|  43|0x000000060cc00000, 0x000000060cc00000, 0x000000060d000000|  0%| F|  |TAMS 0x000000060cc00000, 0x000000060cc00000| Untracked 
|  44|0x000000060d000000, 0x000000060d000000, 0x000000060d400000|  0%| F|  |TAMS 0x000000060d000000, 0x000000060d000000| Untracked 
|  45|0x000000060d400000, 0x000000060d400000, 0x000000060d800000|  0%| F|  |TAMS 0x000000060d400000, 0x000000060d400000| Untracked 
|  46|0x000000060d800000, 0x000000060d800000, 0x000000060dc00000|  0%| F|  |TAMS 0x000000060d800000, 0x000000060d800000| Untracked 
|  47|0x000000060dc00000, 0x000000060dc00000, 0x000000060e000000|  0%| F|  |TAMS 0x000000060dc00000, 0x000000060dc00000| Untracked 
|  48|0x000000060e000000, 0x000000060e000000, 0x000000060e400000|  0%| F|  |TAMS 0x000000060e000000, 0x000000060e000000| Untracked 
|  49|0x000000060e400000, 0x000000060e400000, 0x000000060e800000|  0%| F|  |TAMS 0x000000060e400000, 0x000000060e400000| Untracked 
|  50|0x000000060e800000, 0x000000060e800000, 0x000000060ec00000|  0%| F|  |TAMS 0x000000060e800000, 0x000000060e800000| Untracked 
|  51|0x000000060ec00000, 0x000000060ec00000, 0x000000060f000000|  0%| F|  |TAMS 0x000000060ec00000, 0x000000060ec00000| Untracked 
|  52|0x000000060f000000, 0x000000060f000000, 0x000000060f400000|  0%| F|  |TAMS 0x000000060f000000, 0x000000060f000000| Untracked 
|  53|0x000000060f400000, 0x000000060f400000, 0x000000060f800000|  0%| F|  |TAMS 0x000000060f400000, 0x000000060f400000| Untracked 
|  54|0x000000060f800000, 0x000000060f800000, 0x000000060fc00000|  0%| F|  |TAMS 0x000000060f800000, 0x000000060f800000| Untracked 
|  55|0x000000060fc00000, 0x000000060fc00000, 0x0000000610000000|  0%| F|  |TAMS 0x000000060fc00000, 0x000000060fc00000| Untracked 
|  56|0x0000000610000000, 0x0000000610000000, 0x0000000610400000|  0%| F|  |TAMS 0x0000000610000000, 0x0000000610000000| Untracked 
|  57|0x0000000610400000, 0x0000000610400000, 0x0000000610800000|  0%| F|  |TAMS 0x0000000610400000, 0x0000000610400000| Untracked 
|  58|0x0000000610800000, 0x0000000610800000, 0x0000000610c00000|  0%| F|  |TAMS 0x0000000610800000, 0x0000000610800000| Untracked 
|  59|0x0000000610c00000, 0x0000000610c00000, 0x0000000611000000|  0%| F|  |TAMS 0x0000000610c00000, 0x0000000610c00000| Untracked 
|  60|0x0000000611000000, 0x0000000611000000, 0x0000000611400000|  0%| F|  |TAMS 0x0000000611000000, 0x0000000611000000| Untracked 
|  61|0x0000000611400000, 0x0000000611400000, 0x0000000611800000|  0%| F|  |TAMS 0x0000000611400000, 0x0000000611400000| Untracked 
|  62|0x0000000611800000, 0x0000000611800000, 0x0000000611c00000|  0%| F|  |TAMS 0x0000000611800000, 0x0000000611800000| Untracked 
|  63|0x0000000611c00000, 0x0000000611c00000, 0x0000000612000000|  0%| F|  |TAMS 0x0000000611c00000, 0x0000000611c00000| Untracked 
|  64|0x0000000612000000, 0x0000000612000000, 0x0000000612400000|  0%| F|  |TAMS 0x0000000612000000, 0x0000000612000000| Untracked 
|  65|0x0000000612400000, 0x0000000612400000, 0x0000000612800000|  0%| F|  |TAMS 0x0000000612400000, 0x0000000612400000| Untracked 
|  66|0x0000000612800000, 0x0000000612800000, 0x0000000612c00000|  0%| F|  |TAMS 0x0000000612800000, 0x0000000612800000| Untracked 
|  67|0x0000000612c00000, 0x0000000612c00000, 0x0000000613000000|  0%| F|  |TAMS 0x0000000612c00000, 0x0000000612c00000| Untracked 
|  68|0x0000000613000000, 0x0000000613000000, 0x0000000613400000|  0%| F|  |TAMS 0x0000000613000000, 0x0000000613000000| Untracked 
|  69|0x0000000613400000, 0x0000000613400000, 0x0000000613800000|  0%| F|  |TAMS 0x0000000613400000, 0x0000000613400000| Untracked 
|  70|0x0000000613800000, 0x0000000613800000, 0x0000000613c00000|  0%| F|  |TAMS 0x0000000613800000, 0x0000000613800000| Untracked 
|  71|0x0000000613c00000, 0x0000000613c00000, 0x0000000614000000|  0%| F|  |TAMS 0x0000000613c00000, 0x0000000613c00000| Untracked 
|  72|0x0000000614000000, 0x0000000614000000, 0x0000000614400000|  0%| F|  |TAMS 0x0000000614000000, 0x0000000614000000| Untracked 
|  73|0x0000000614400000, 0x0000000614400000, 0x0000000614800000|  0%| F|  |TAMS 0x0000000614400000, 0x0000000614400000| Untracked 
|  74|0x0000000614800000, 0x0000000614800000, 0x0000000614c00000|  0%| F|  |TAMS 0x0000000614800000, 0x0000000614800000| Untracked 
|  75|0x0000000614c00000, 0x0000000614c00000, 0x0000000615000000|  0%| F|  |TAMS 0x0000000614c00000, 0x0000000614c00000| Untracked 
|  76|0x0000000615000000, 0x0000000615000000, 0x0000000615400000|  0%| F|  |TAMS 0x0000000615000000, 0x0000000615000000| Untracked 
|  77|0x0000000615400000, 0x0000000615400000, 0x0000000615800000|  0%| F|  |TAMS 0x0000000615400000, 0x0000000615400000| Untracked 
|  78|0x0000000615800000, 0x0000000615800000, 0x0000000615c00000|  0%| F|  |TAMS 0x0000000615800000, 0x0000000615800000| Untracked 
|  79|0x0000000615c00000, 0x0000000615c00000, 0x0000000616000000|  0%| F|  |TAMS 0x0000000615c00000, 0x0000000615c00000| Untracked 
|  80|0x0000000616000000, 0x0000000616000000, 0x0000000616400000|  0%| F|  |TAMS 0x0000000616000000, 0x0000000616000000| Untracked 
|  81|0x0000000616400000, 0x0000000616400000, 0x0000000616800000|  0%| F|  |TAMS 0x0000000616400000, 0x0000000616400000| Untracked 
|  82|0x0000000616800000, 0x0000000616800000, 0x0000000616c00000|  0%| F|  |TAMS 0x0000000616800000, 0x0000000616800000| Untracked 
|  83|0x0000000616c00000, 0x0000000616c00000, 0x0000000617000000|  0%| F|  |TAMS 0x0000000616c00000, 0x0000000616c00000| Untracked 
|  84|0x0000000617000000, 0x0000000617000000, 0x0000000617400000|  0%| F|  |TAMS 0x0000000617000000, 0x0000000617000000| Untracked 
|  85|0x0000000617400000, 0x0000000617400000, 0x0000000617800000|  0%| F|  |TAMS 0x0000000617400000, 0x0000000617400000| Untracked 
|  86|0x0000000617800000, 0x0000000617800000, 0x0000000617c00000|  0%| F|  |TAMS 0x0000000617800000, 0x0000000617800000| Untracked 
|  87|0x0000000617c00000, 0x0000000617c00000, 0x0000000618000000|  0%| F|  |TAMS 0x0000000617c00000, 0x0000000617c00000| Untracked 
|  88|0x0000000618000000, 0x0000000618000000, 0x0000000618400000|  0%| F|  |TAMS 0x0000000618000000, 0x0000000618000000| Untracked 
|  89|0x0000000618400000, 0x0000000618400000, 0x0000000618800000|  0%| F|  |TAMS 0x0000000618400000, 0x0000000618400000| Untracked 
|  90|0x0000000618800000, 0x0000000618800000, 0x0000000618c00000|  0%| F|  |TAMS 0x0000000618800000, 0x0000000618800000| Untracked 
|  91|0x0000000618c00000, 0x0000000618c00000, 0x0000000619000000|  0%| F|  |TAMS 0x0000000618c00000, 0x0000000618c00000| Untracked 
|  92|0x0000000619000000, 0x0000000619000000, 0x0000000619400000|  0%| F|  |TAMS 0x0000000619000000, 0x0000000619000000| Untracked 
|  93|0x0000000619400000, 0x0000000619400000, 0x0000000619800000|  0%| F|  |TAMS 0x0000000619400000, 0x0000000619400000| Untracked 
|  94|0x0000000619800000, 0x0000000619800000, 0x0000000619c00000|  0%| F|  |TAMS 0x0000000619800000, 0x0000000619800000| Untracked 
|  95|0x0000000619c00000, 0x0000000619c00000, 0x000000061a000000|  0%| F|  |TAMS 0x0000000619c00000, 0x0000000619c00000| Untracked 
|  96|0x000000061a000000, 0x000000061a000000, 0x000000061a400000|  0%| F|  |TAMS 0x000000061a000000, 0x000000061a000000| Untracked 
|  97|0x000000061a400000, 0x000000061a400000, 0x000000061a800000|  0%| F|  |TAMS 0x000000061a400000, 0x000000061a400000| Untracked 
|  98|0x000000061a800000, 0x000000061a800000, 0x000000061ac00000|  0%| F|  |TAMS 0x000000061a800000, 0x000000061a800000| Untracked 
|  99|0x000000061ac00000, 0x000000061ac00000, 0x000000061b000000|  0%| F|  |TAMS 0x000000061ac00000, 0x000000061ac00000| Untracked 
| 100|0x000000061b000000, 0x000000061b000000, 0x000000061b400000|  0%| F|  |TAMS 0x000000061b000000, 0x000000061b000000| Untracked 
| 101|0x000000061b400000, 0x000000061b400000, 0x000000061b800000|  0%| F|  |TAMS 0x000000061b400000, 0x000000061b400000| Untracked 
| 102|0x000000061b800000, 0x000000061b800000, 0x000000061bc00000|  0%| F|  |TAMS 0x000000061b800000, 0x000000061b800000| Untracked 
| 103|0x000000061bc00000, 0x000000061bc00000, 0x000000061c000000|  0%| F|  |TAMS 0x000000061bc00000, 0x000000061bc00000| Untracked 
| 104|0x000000061c000000, 0x000000061c000000, 0x000000061c400000|  0%| F|  |TAMS 0x000000061c000000, 0x000000061c000000| Untracked 
| 105|0x000000061c400000, 0x000000061c400000, 0x000000061c800000|  0%| F|  |TAMS 0x000000061c400000, 0x000000061c400000| Untracked 
| 106|0x000000061c800000, 0x000000061c800000, 0x000000061cc00000|  0%| F|  |TAMS 0x000000061c800000, 0x000000061c800000| Untracked 
| 107|0x000000061cc00000, 0x000000061cc00000, 0x000000061d000000|  0%| F|  |TAMS 0x000000061cc00000, 0x000000061cc00000| Untracked 
| 108|0x000000061d000000, 0x000000061d000000, 0x000000061d400000|  0%| F|  |TAMS 0x000000061d000000, 0x000000061d000000| Untracked 
| 109|0x000000061d400000, 0x000000061d400000, 0x000000061d800000|  0%| F|  |TAMS 0x000000061d400000, 0x000000061d400000| Untracked 
| 110|0x000000061d800000, 0x000000061d800000, 0x000000061dc00000|  0%| F|  |TAMS 0x000000061d800000, 0x000000061d800000| Untracked 
| 111|0x000000061dc00000, 0x000000061dc00000, 0x000000061e000000|  0%| F|  |TAMS 0x000000061dc00000, 0x000000061dc00000| Untracked 
| 112|0x000000061e000000, 0x000000061e000000, 0x000000061e400000|  0%| F|  |TAMS 0x000000061e000000, 0x000000061e000000| Untracked 
| 113|0x000000061e400000, 0x000000061e400000, 0x000000061e800000|  0%| F|  |TAMS 0x000000061e400000, 0x000000061e400000| Untracked 
| 114|0x000000061e800000, 0x000000061e800000, 0x000000061ec00000|  0%| F|  |TAMS 0x000000061e800000, 0x000000061e800000| Untracked 
| 115|0x000000061ec00000, 0x000000061ec00000, 0x000000061f000000|  0%| F|  |TAMS 0x000000061ec00000, 0x000000061ec00000| Untracked 
| 116|0x000000061f000000, 0x000000061f000000, 0x000000061f400000|  0%| F|  |TAMS 0x000000061f000000, 0x000000061f000000| Untracked 
| 117|0x000000061f400000, 0x000000061f400000, 0x000000061f800000|  0%| F|  |TAMS 0x000000061f400000, 0x000000061f400000| Untracked 
| 118|0x000000061f800000, 0x000000061f800000, 0x000000061fc00000|  0%| F|  |TAMS 0x000000061f800000, 0x000000061f800000| Untracked 
| 119|0x000000061fc00000, 0x000000061fc00000, 0x0000000620000000|  0%| F|  |TAMS 0x000000061fc00000, 0x000000061fc00000| Untracked 
| 120|0x0000000620000000, 0x0000000620000000, 0x0000000620400000|  0%| F|  |TAMS 0x0000000620000000, 0x0000000620000000| Untracked 
| 121|0x0000000620400000, 0x0000000620400000, 0x0000000620800000|  0%| F|  |TAMS 0x0000000620400000, 0x0000000620400000| Untracked 
| 122|0x0000000620800000, 0x0000000620800000, 0x0000000620c00000|  0%| F|  |TAMS 0x0000000620800000, 0x0000000620800000| Untracked 
| 123|0x0000000620c00000, 0x0000000620c00000, 0x0000000621000000|  0%| F|  |TAMS 0x0000000620c00000, 0x0000000620c00000| Untracked 
| 124|0x0000000621000000, 0x0000000621000000, 0x0000000621400000|  0%| F|  |TAMS 0x0000000621000000, 0x0000000621000000| Untracked 
| 125|0x0000000621400000, 0x0000000621400000, 0x0000000621800000|  0%| F|  |TAMS 0x0000000621400000, 0x0000000621400000| Untracked 
| 126|0x0000000621800000, 0x0000000621ae1f88, 0x0000000621c00000| 72%| E|  |TAMS 0x0000000621800000, 0x0000000621800000| Complete 
| 127|0x0000000621c00000, 0x0000000622000000, 0x0000000622000000|100%| E|CS|TAMS 0x0000000621c00000, 0x0000000621c00000| Complete 

Card table byte_map: [0x0000020da19c0000,0x0000020da29b0000] _byte_map_base: 0x0000020d9e9b0000

Marking Bits (Prev, Next): (CMBitMap*) 0x0000020d89785560, (CMBitMap*) 0x0000020d897855a0
 Prev Bits: [0x0000020da39a0000, 0x0000020dab920000)
 Next Bits: [0x0000020dab920000, 0x0000020db38a0000)

Polling page: 0x0000020d87660000

Metaspace:

Usage:
  Non-class:      4.80 MB used.
      Class:    622.95 KB used.
       Both:      5.41 MB used.

Virtual space:
  Non-class space:        8.00 MB reserved,       4.88 MB ( 61%) committed,  1 nodes.
      Class space:        1.00 GB reserved,     704.00 KB ( <1%) committed,  1 nodes.
             Both:        1.01 GB reserved,       5.56 MB ( <1%) committed. 

Chunk freelists:
   Non-Class:  2.79 MB
       Class:  3.24 MB
        Both:  6.03 MB

MaxMetaspaceSize: unlimited
CompressedClassSpaceSize: 1.00 GB
Initial GC threshold: 21.00 MB
Current GC threshold: 21.00 MB
CDS: on
MetaspaceReclaimPolicy: balanced
 - commit_granule_bytes: 65536.
 - commit_granule_words: 8192.
 - virtual_space_node_default_size: 1048576.
 - enlarge_chunks_in_place: 1.
 - new_chunks_are_fully_committed: 0.
 - uncommit_free_chunks: 1.
 - use_allocation_guard: 0.
 - handle_deallocations: 1.


Internal statistics:

num_allocs_failed_limit: 0.
num_arena_births: 90.
num_arena_deaths: 0.
num_vsnodes_births: 2.
num_vsnodes_deaths: 0.
num_space_committed: 89.
num_space_uncommitted: 0.
num_chunks_returned_to_freelist: 0.
num_chunks_taken_from_freelist: 122.
num_chunk_merges: 0.
num_chunk_splits: 74.
num_chunks_enlarged: 35.
num_purges: 0.
num_inconsistent_stats: 0.

CodeHeap 'non-profiled nmethods': size=119168Kb used=146Kb max_used=146Kb free=119021Kb
 bounds [0x0000020d98ac0000, 0x0000020d98d30000, 0x0000020d9ff20000]
CodeHeap 'profiled nmethods': size=119104Kb used=894Kb max_used=894Kb free=118209Kb
 bounds [0x0000020d91670000, 0x0000020d918e0000, 0x0000020d98ac0000]
CodeHeap 'non-nmethods': size=7488Kb used=2328Kb max_used=2331Kb free=5159Kb
 bounds [0x0000020d90f20000, 0x0000020d91190000, 0x0000020d91670000]
 total_blobs=1100 nmethods=590 adapters=421
 compilation: enabled
              stopped_count=0, restarted_count=0
 full_count=0

Compilation events (20 events):
Event: 0.230 Thread 0x0000020db7635a50  581       3       java.lang.Integer::valueOf (32 bytes)
Event: 0.230 Thread 0x0000020db762ad00  582       3       java.util.StringTokenizer::scanToken (179 bytes)
Event: 0.230 Thread 0x0000020db7635a50 nmethod 581 0x0000020d91749610 code [0x0000020d917497c0, 0x0000020d91749ad8]
Event: 0.231 Thread 0x0000020db7635a50  583  s    3       java.util.Hashtable::get (69 bytes)
Event: 0.231 Thread 0x0000020db7635a50 nmethod 583 0x0000020d91749c10 code [0x0000020d91749de0, 0x0000020d9174a338]
Event: 0.231 Thread 0x0000020db762ad00 nmethod 582 0x0000020d9174a510 code [0x0000020d9174a880, 0x0000020d9174bed8]
Event: 0.231 Thread 0x0000020db762ad00  584       1       java.beans.PropertyChangeEvent::getPropertyName (5 bytes)
Event: 0.231 Thread 0x0000020db750c110  585   !   3       javax.swing.UIDefaults::getFromHashtable (239 bytes)
Event: 0.231 Thread 0x0000020db762ad00 nmethod 584 0x0000020d98ae3c90 code [0x0000020d98ae3e20, 0x0000020d98ae3ef8]
Event: 0.231 Thread 0x0000020db7635a50  586       3       javax.swing.UIDefaults::get (21 bytes)
Event: 0.231 Thread 0x0000020db7635a50 nmethod 586 0x0000020d9174c690 code [0x0000020d9174c840, 0x0000020d9174ca38]
Event: 0.231 Thread 0x0000020db762ad00  588       3       javax.swing.SwingUtilities::appContextGet (8 bytes)
Event: 0.231 Thread 0x0000020db7635a50  589       1       java.beans.PropertyChangeEvent::getOldValue (5 bytes)
Event: 0.231 Thread 0x0000020db7635a50 nmethod 589 0x0000020d98ae4410 code [0x0000020d98ae45a0, 0x0000020d98ae4678]
Event: 0.231 Thread 0x0000020db7635a50  590       1       java.beans.PropertyChangeEvent::getNewValue (5 bytes)
Event: 0.232 Thread 0x0000020db762ad00 nmethod 588 0x0000020d9174cb10 code [0x0000020d9174ccc0, 0x0000020d9174ce18]
Event: 0.232 Thread 0x0000020db7635a50 nmethod 590 0x0000020d98ae4710 code [0x0000020d98ae48a0, 0x0000020d98ae4978]
Event: 0.232 Thread 0x0000020db7635a50  591   !   3       javax.swing.UIManager::getLAFState (61 bytes)
Event: 0.232 Thread 0x0000020db750c110 nmethod 585 0x0000020d9174cf10 code [0x0000020d9174d220, 0x0000020d9174e708]
Event: 0.232 Thread 0x0000020db7635a50 nmethod 591 0x0000020d9174ec90 code [0x0000020d9174eee0, 0x0000020d9174f648]

GC Heap History (0 events):
No events

Deoptimization events (12 events):
Event: 0.068 Thread 0x0000020d8749eaf0 DEOPT PACKING pc=0x0000020d916dfb8c sp=0x000000dafdbfc2f0
Event: 0.068 Thread 0x0000020d8749eaf0 DEOPT UNPACKING pc=0x0000020d90f72b43 sp=0x000000dafdbfb780 mode 0
Event: 0.069 Thread 0x0000020d8749eaf0 DEOPT PACKING pc=0x0000020d916dfb8c sp=0x000000dafdbfc2f0
Event: 0.069 Thread 0x0000020d8749eaf0 DEOPT UNPACKING pc=0x0000020d90f72b43 sp=0x000000dafdbfb780 mode 0
Event: 0.069 Thread 0x0000020d8749eaf0 DEOPT PACKING pc=0x0000020d916dfb8c sp=0x000000dafdbfc2f0
Event: 0.069 Thread 0x0000020d8749eaf0 DEOPT UNPACKING pc=0x0000020d90f72b43 sp=0x000000dafdbfb780 mode 0
Event: 0.070 Thread 0x0000020d8749eaf0 DEOPT PACKING pc=0x0000020d916dfb8c sp=0x000000dafdbfc2f0
Event: 0.070 Thread 0x0000020d8749eaf0 DEOPT UNPACKING pc=0x0000020d90f72b43 sp=0x000000dafdbfb780 mode 0
Event: 0.138 Thread 0x0000020d8749eaf0 DEOPT PACKING pc=0x0000020d9169b4e7 sp=0x000000dafdbf8c60
Event: 0.138 Thread 0x0000020d8749eaf0 DEOPT UNPACKING pc=0x0000020d90f72b43 sp=0x000000dafdbf8080 mode 0
Event: 0.219 Thread 0x0000020db7671020 DEOPT PACKING pc=0x0000020d916865d1 sp=0x000000daff3fd450
Event: 0.219 Thread 0x0000020db7671020 DEOPT UNPACKING pc=0x0000020d90f72b43 sp=0x000000daff3fc8c8 mode 0

Classes unloaded (0 events):
No events

Classes redefined (0 events):
No events

Internal exceptions (11 events):
Event: 0.043 Thread 0x0000020d8749eaf0 Exception <a 'java/lang/ClassNotFoundException'{0x0000000621de66d8}: sun/awt/resources/spi/awtProvider> (0x0000000621de66d8) 
thrown [t:\workspace\open\src\hotspot\share\classfile\systemDictionary.cpp, line 256]
Event: 0.054 Thread 0x0000020d8749eaf0 Exception <a 'java/io/FileNotFoundException'{0x0000000621f288f0}> (0x0000000621f288f0) 
thrown [t:\workspace\open\src\hotspot\share\prims\jni.cpp, line 516]
Event: 0.057 Thread 0x0000020d8749eaf0 Exception <a 'java/io/FileNotFoundException'{0x0000000621f55828}> (0x0000000621f55828) 
thrown [t:\workspace\open\src\hotspot\share\prims\jni.cpp, line 516]
Event: 0.084 Thread 0x0000020d8749eaf0 Exception <a 'java/lang/NoSuchMethodError'{0x0000000621ff5aa0}: 'java.lang.Object java.lang.invoke.DirectMethodHandle$Holder.invokeStaticInit(java.lang.Object)'> (0x0000000621ff5aa0) 
thrown [t:\workspace\open\src\hotspot\share\interpreter\linkResolver.cpp, line 766]
Event: 0.107 Thread 0x0000020d8749eaf0 Exception <a 'java/lang/NoSuchMethodError'{0x0000000621825668}: 'void java.lang.invoke.DirectMethodHandle$Holder.invokeSpecial(java.lang.Object, java.lang.Object, java.lang.Object)'> (0x0000000621825668) 
thrown [t:\workspace\open\src\hotspot\share\interpreter\linkResolver.cpp, line 766]
Event: 0.113 Thread 0x0000020d8749eaf0 Exception <a 'java/lang/NoSuchMethodError'{0x00000006218386c8}: 'void java.lang.invoke.DirectMethodHandle$Holder.invokeStaticInit(java.lang.Object)'> (0x00000006218386c8) 
thrown [t:\workspace\open\src\hotspot\share\interpreter\linkResolver.cpp, line 766]
Event: 0.116 Thread 0x0000020d8749eaf0 Exception <a 'java/lang/NoSuchMethodError'{0x000000062185c8e0}: 'java.lang.Object java.lang.invoke.DirectMethodHandle$Holder.newInvokeSpecial(java.lang.Object, java.lang.Object, java.lang.Object, java.lang.Object, java.lang.Object)'> (0x000000062185c8e0) 
thrown [t:\workspace\open\src\hotspot\share\interpreter\linkResolver.cpp, line 766]
Event: 0.116 Thread 0x0000020d8749eaf0 Exception <a 'java/lang/NoSuchMethodError'{0x0000000621868000}: 'java.lang.Object java.lang.invoke.DirectMethodHandle$Holder.invokeStatic(java.lang.Object, int, java.lang.Object, java.lang.Object, java.lang.Object, java.lang.Object)'> (0x0000000621868000) 
thrown [t:\workspace\open\src\hotspot\share\interpreter\linkResolver.cpp, line 766]
Event: 0.119 Thread 0x0000020d8749eaf0 Exception <a 'java/lang/NoSuchMethodError'{0x0000000621908610}: 'java.lang.Object java.lang.invoke.DirectMethodHandle$Holder.invokeStatic(java.lang.Object, int, java.lang.Object)'> (0x0000000621908610) 
thrown [t:\workspace\open\src\hotspot\share\interpreter\linkResolver.cpp, line 766]
Event: 0.128 Thread 0x0000020d8749eaf0 Exception <a 'java/lang/ClassNotFoundException'{0x000000062198b058}: com/sun/java/swing/plaf/windows/resources/spi/windowsProvider> (0x000000062198b058) 
thrown [t:\workspace\open\src\hotspot\share\classfile\systemDictionary.cpp, line 256]
Event: 0.128 Thread 0x0000020d8749eaf0 Exception <a 'java/lang/ClassNotFoundException'{0x000000062198ef80}: com/sun/swing/internal/plaf/basic/resources/spi/basicProvider> (0x000000062198ef80) 
thrown [t:\workspace\open\src\hotspot\share\classfile\systemDictionary.cpp, line 256]

VM Operations (4 events):
Event: 0.071 Executing VM operation: HandshakeAllThreads
Event: 0.071 Executing VM operation: HandshakeAllThreads done
Event: 0.220 Executing VM operation: HandshakeAllThreads
Event: 0.220 Executing VM operation: HandshakeAllThreads done

Events (20 events):
Event: 0.231 loading class javax/swing/plaf/basic/BasicLabelUI done
Event: 0.231 loading class com/sun/java/swing/plaf/windows/WindowsLabelUI done
Event: 0.231 loading class javax/swing/plaf/basic/BasicHTML
Event: 0.231 loading class javax/swing/plaf/basic/BasicHTML done
Event: 0.232 loading class javax/swing/JTabbedPane$Page
Event: 0.232 loading class javax/accessibility/AccessibleComponent
Event: 0.232 loading class javax/accessibility/AccessibleComponent done
Event: 0.232 loading class javax/accessibility/AccessibleContext
Event: 0.232 loading class javax/accessibility/AccessibleContext done
Event: 0.232 loading class javax/swing/JTabbedPane$Page done
Event: 0.232 loading class javax/accessibility/AccessibleContext$1
Event: 0.232 loading class sun/awt/AWTAccessor$AccessibleContextAccessor
Event: 0.232 loading class sun/awt/AWTAccessor$AccessibleContextAccessor done
Event: 0.232 loading class javax/accessibility/AccessibleContext$1 done
Event: 0.232 loading class javax/accessibility/AccessibleRelationSet
Event: 0.232 loading class javax/accessibility/AccessibleRelationSet done
Event: 0.232 loading class java/awt/event/ContainerEvent
Event: 0.232 loading class java/awt/event/ContainerEvent done
Event: 0.232 loading class sun/awt/dnd/SunDropTargetEvent
Event: 0.232 loading class java/awt/event/MouseEvent


Dynamic libraries:
0x00007ff79e760000 - 0x00007ff79e770000 	C:\Program Files\Java\jdk-17\bin\javaw.exe
0x00007ffaa2c90000 - 0x00007ffaa2e85000 	C:\Windows\SYSTEM32\ntdll.dll
0x00007ffaa2030000 - 0x00007ffaa20ee000 	C:\Windows\System32\KERNEL32.DLL
0x00007ffaa0990000 - 0x00007ffaa0c58000 	C:\Windows\System32\KERNELBASE.dll
0x00007ffaa0830000 - 0x00007ffaa0930000 	C:\Windows\System32\ucrtbase.dll
0x00007ffa9bc60000 - 0x00007ffa9bc78000 	C:\Program Files\Java\jdk-17\bin\jli.dll
0x00007ffa92b80000 - 0x00007ffa92b9a000 	C:\Program Files\Java\jdk-17\bin\VCRUNTIME140.dll
0x00007ffaa1730000 - 0x00007ffaa17dc000 	C:\Windows\System32\ADVAPI32.dll
0x00007ffaa0cf0000 - 0x00007ffaa0d8e000 	C:\Windows\System32\msvcrt.dll
0x00007ffaa1bd0000 - 0x00007ffaa1c6b000 	C:\Windows\System32\sechost.dll
0x00007ffaa29f0000 - 0x00007ffaa2b1a000 	C:\Windows\System32\RPCRT4.dll
0x00007ffaa17e0000 - 0x00007ffaa1981000 	C:\Windows\System32\USER32.dll
0x00007ffa84e50000 - 0x00007ffa850ea000 	C:\Windows\WinSxS\amd64_microsoft.windows.common-controls_6595b64144ccf1df_6.0.19041.1110_none_60b5254171f9507e\COMCTL32.dll
0x00007ffaa0c60000 - 0x00007ffaa0c82000 	C:\Windows\System32\win32u.dll
0x00007ffaa0e40000 - 0x00007ffaa0e6b000 	C:\Windows\System32\GDI32.dll
0x00007ffaa0720000 - 0x00007ffaa082b000 	C:\Windows\System32\gdi32full.dll
0x00007ffaa0680000 - 0x00007ffaa071d000 	C:\Windows\System32\msvcp_win.dll
0x00007ffa9ad30000 - 0x00007ffa9ad3a000 	C:\Windows\SYSTEM32\VERSION.dll
0x00007ffaa1b40000 - 0x00007ffaa1b70000 	C:\Windows\System32\IMM32.DLL
0x00007ffa9bec0000 - 0x00007ffa9becc000 	C:\Program Files\Java\jdk-17\bin\vcruntime140_1.dll
0x00007ffa90970000 - 0x00007ffa909fd000 	C:\Program Files\Java\jdk-17\bin\msvcp140.dll
0x00007ffa18260000 - 0x00007ffa18e1e000 	C:\Program Files\Java\jdk-17\bin\server\jvm.dll
0x00007ffaa1660000 - 0x00007ffaa1668000 	C:\Windows\System32\PSAPI.DLL
0x00007ffa9b380000 - 0x00007ffa9b3a7000 	C:\Windows\SYSTEM32\WINMM.dll
0x00007ffa92af0000 - 0x00007ffa92af9000 	C:\Windows\SYSTEM32\WSOCK32.dll
0x00007ffaa2240000 - 0x00007ffaa22ab000 	C:\Windows\System32\WS2_32.dll
0x00007ffa9ec80000 - 0x00007ffa9ec92000 	C:\Windows\SYSTEM32\kernel.appcore.dll
0x00007ffa9be30000 - 0x00007ffa9be3a000 	C:\Program Files\Java\jdk-17\bin\jimage.dll
0x00007ffa9dff0000 - 0x00007ffa9e1d4000 	C:\Windows\SYSTEM32\DBGHELP.DLL
0x00007ffa802e0000 - 0x00007ffa8030c000 	C:\Windows\SYSTEM32\dbgcore.DLL
0x00007ffaa0490000 - 0x00007ffaa0513000 	C:\Windows\System32\bcryptPrimitives.dll
0x00007ffa92b50000 - 0x00007ffa92b75000 	C:\Program Files\Java\jdk-17\bin\java.dll
0x00007ffa6b6b0000 - 0x00007ffa6b786000 	C:\Program Files\Java\jdk-17\bin\svml.dll
0x00007ffaa0e70000 - 0x00007ffaa15af000 	C:\Windows\System32\SHELL32.dll
0x00007ffa9e4b0000 - 0x00007ffa9ec40000 	C:\Windows\SYSTEM32\windows.storage.dll
0x00007ffaa1cd0000 - 0x00007ffaa2025000 	C:\Windows\System32\combase.dll
0x00007ffa9fe00000 - 0x00007ffa9fe2e000 	C:\Windows\SYSTEM32\Wldp.dll
0x00007ffaa0d90000 - 0x00007ffaa0e3d000 	C:\Windows\System32\SHCORE.dll
0x00007ffaa1b70000 - 0x00007ffaa1bc5000 	C:\Windows\System32\shlwapi.dll
0x00007ffaa02f0000 - 0x00007ffaa030f000 	C:\Windows\SYSTEM32\profapi.dll
0x00007ffa1b5d0000 - 0x00007ffa1b75f000 	C:\Program Files\Java\jdk-17\bin\awt.dll
0x00007ffaa20f0000 - 0x00007ffaa21bd000 	C:\Windows\System32\OLEAUT32.dll
0x00007ffa9d7e0000 - 0x00007ffa9d870000 	C:\Windows\SYSTEM32\apphelp.dll
0x00007ffa92b30000 - 0x00007ffa92b49000 	C:\Program Files\Java\jdk-17\bin\net.dll
0x00007ffa98230000 - 0x00007ffa9833c000 	C:\Windows\SYSTEM32\WINHTTP.dll
0x00007ffa9fb60000 - 0x00007ffa9fbca000 	C:\Windows\system32\mswsock.dll
0x00007ffa92ac0000 - 0x00007ffa92ad5000 	C:\Program Files\Java\jdk-17\bin\nio.dll
0x00007ffa92aa0000 - 0x00007ffa92ab8000 	C:\Program Files\Java\jdk-17\bin\zip.dll
0x00007ffa9d920000 - 0x00007ffa9d9be000 	C:\Windows\system32\uxtheme.dll
0x00007ffaa2b30000 - 0x00007ffaa2c45000 	C:\Windows\System32\MSCTF.dll
0x00007ffaa22b0000 - 0x00007ffaa23da000 	C:\Windows\System32\ole32.dll
0x00007ffa9dbb0000 - 0x00007ffa9dbdf000 	C:\Windows\system32\DWMAPI.DLL
0x00007ffa40900000 - 0x00007ffa40a25000 	C:\Windows\system32\opengl32.dll
0x00007ffa7c300000 - 0x00007ffa7c32c000 	C:\Windows\SYSTEM32\GLU32.dll
0x00007ffa936f0000 - 0x00007ffa938be000 	C:\Windows\system32\d3d9.dll
0x00007ffa957e0000 - 0x00007ffa958e6000 	C:\Windows\System32\DriverStore\FileRepository\nv_dispi.inf_amd64_b8346c359fcd6093\nvldumdx.dll
0x00007ffa9ff90000 - 0x00007ffa9ffa2000 	C:\Windows\SYSTEM32\msasn1.dll
0x00007ffa98d60000 - 0x00007ffa98d91000 	C:\Windows\SYSTEM32\cryptnet.dll
0x00007ffaa0520000 - 0x00007ffaa0676000 	C:\Windows\System32\CRYPT32.dll
0x00007ffa94c40000 - 0x00007ffa94d8a000 	C:\Windows\SYSTEM32\drvstore.dll
0x00007ffaa0150000 - 0x00007ffaa0184000 	C:\Windows\SYSTEM32\devobj.dll
0x00007ffaa0c90000 - 0x00007ffaa0cde000 	C:\Windows\System32\cfgmgr32.dll
0x00007ffa9fd70000 - 0x00007ffa9fd7c000 	C:\Windows\SYSTEM32\cryptbase.dll
0x00007ffaa0930000 - 0x00007ffaa0990000 	C:\Windows\System32\WINTRUST.DLL
0x00007ffaa2550000 - 0x00007ffaa256d000 	C:\Windows\System32\imagehlp.dll
0x00007ffa9fd50000 - 0x00007ffa9fd68000 	C:\Windows\SYSTEM32\CRYPTSP.dll
0x00007ffa9f470000 - 0x00007ffa9f4a4000 	C:\Windows\system32\rsaenh.dll
0x00007ffaa0460000 - 0x00007ffaa0487000 	C:\Windows\System32\bcrypt.dll
0x00007ffa31a80000 - 0x00007ffa33330000 	C:\Windows\System32\DriverStore\FileRepository\nv_dispi.inf_amd64_b8346c359fcd6093\nvd3dumx.dll
0x00007ffa7cc10000 - 0x00007ffa7cc99000 	C:\Program Files\Java\jdk-17\bin\freetype.dll
0x00007ffa6eab0000 - 0x00007ffa6eb58000 	C:\Program Files\Java\jdk-17\bin\fontmanager.dll

dbghelp: loaded successfully - version: 4.0.5 - missing functions: none
symbol engine: initialized successfully - sym options: 0x614 - pdb path: .;C:\Program Files\Java\jdk-17\bin;C:\Windows\SYSTEM32;C:\Windows\WinSxS\amd64_microsoft.windows.common-controls_6595b64144ccf1df_6.0.19041.1110_none_60b5254171f9507e;C:\Program Files\Java\jdk-17\bin\server;C:\Windows\System32\DriverStore\FileRepository\nv_dispi.inf_amd64_b8346c359fcd6093

VM Arguments:
jvm_args: -Dfile.encoding=Cp1252 -XX:+ShowCodeDetailsInExceptionMessages 
java_command: ca.mcgill.ecse.climbsafe.application.ClimbSafeApplication
java_class_path (initial): C:\Dev\Eclipse\ClimbSafe223\ca.mcgill.ecse.climbsafe\app\bin\main;C:\Dev\Eclipse\ClimbSafe223\ca.mcgill.ecse.climbsafe\app\bin\default;C:\Users\Alexandre\.gradle\caches\modules-2\files-2.1\com.google.guava\guava\29.0-jre\801142b4c3d0f0770dd29abea50906cacfddd447\guava-29.0-jre.jar;C:\Users\Alexandre\.gradle\caches\modules-2\files-2.1\com.google.guava\failureaccess\1.0.1\1dcf1de382a0bf95a3d8b0849546c88bac1292c9\failureaccess-1.0.1.jar;C:\Users\Alexandre\.gradle\caches\modules-2\files-2.1\com.google.guava\listenablefuture\9999.0-empty-to-avoid-conflict-with-guava\b421526c5f297295adef1c886e5246c39d4ac629\listenablefuture-9999.0-empty-to-avoid-conflict-with-guava.jar;C:\Users\Alexandre\.gradle\caches\modules-2\files-2.1\com.google.code.findbugs\jsr305\3.0.2\25ea2e8b0c338a877313bd4672d3fe056ea78f0d\jsr305-3.0.2.jar;C:\Users\Alexandre\.gradle\caches\modules-2\files-2.1\org.checkerframework\checker-qual\2.11.1\8c43bf8f99b841d23aadda6044329dad9b63c185\checker-qual-2.11.1.jar;C:\Users\Alexandre\.gradle\caches\modules-2\files-2.1\com.google.errorprone\error_prone_annotations\2.3.4\dac170e4594de319655ffb62f41cbd6dbb5e601e\error_prone_annotations-2.3.4.jar;C:\Users\Alexandre\.gradle\caches\modules-2\files-2.1\com.google.j2objc\j2objc-annotations\1.3\ba035118bc8bac37d7eff77700720999acd9986d\j2objc-annotations-1.3.jar;C:\Users\Alexandre\.gradle\caches\modules-2\files-2.1\org.jdatepicker\jdatepicker\1.3.4\5f0112ef368fda2c493e674e3059cbe4ac1b6965\jdatepicker-1.3.4.jar;C:\Users\Alexandre\.gradle\caches\modules-2\files-2.1\com.formdev\flatlaf\1.6\8057260b08a5340bac2aeab02eab6034569d03ec\flatlaf-1.6.jar
Launcher Type: SUN_STANDARD

[Global flags]
     intx CICompilerCount                          = 12                                        {product} {ergonomic}
     uint ConcGCThreads                            = 4                                         {product} {ergonomic}
     uint G1ConcRefinementThreads                  = 15                                        {product} {ergonomic}
   size_t G1HeapRegionSize                         = 4194304                                   {product} {ergonomic}
    uintx GCDrainStackTargetSize                   = 64                                        {product} {ergonomic}
   size_t InitialHeapSize                          = 536870912                                 {product} {ergonomic}
   size_t MarkStackSize                            = 4194304                                   {product} {ergonomic}
   size_t MaxHeapSize                              = 8556380160                                {product} {ergonomic}
   size_t MaxNewSize                               = 5133828096                                {product} {ergonomic}
   size_t MinHeapDeltaBytes                        = 4194304                                   {product} {ergonomic}
   size_t MinHeapSize                              = 8388608                                   {product} {ergonomic}
    uintx NonNMethodCodeHeapSize                   = 7602480                                {pd product} {ergonomic}
    uintx NonProfiledCodeHeapSize                  = 122027880                              {pd product} {ergonomic}
    uintx ProfiledCodeHeapSize                     = 122027880                              {pd product} {ergonomic}
    uintx ReservedCodeCacheSize                    = 251658240                              {pd product} {ergonomic}
     bool SegmentedCodeCache                       = true                                      {product} {ergonomic}
     bool ShowCodeDetailsInExceptionMessages       = true                                   {manageable} {command line}
   size_t SoftMaxHeapSize                          = 8556380160                             {manageable} {ergonomic}
     bool UseCompressedClassPointers               = true                           {product lp64_product} {ergonomic}
     bool UseCompressedOops                        = true                           {product lp64_product} {ergonomic}
     bool UseG1GC                                  = true                                      {product} {ergonomic}
     bool UseLargePagesIndividualAllocation        = false                                  {pd product} {ergonomic}

Logging:
Log output configuration:
 #0: stdout all=warning uptime,level,tags
 #1: stderr all=off uptime,level,tags

Environment Variables:
PATH=C:/Users/Alexandre/.p2/pool/plugins/org.eclipse.justj.openjdk.hotspot.jre.full.win32.x86_64_16.0.2.v20210721-1149/jre/bin/server;C:/Users/Alexandre/.p2/pool/plugins/org.eclipse.justj.openjdk.hotspot.jre.full.win32.x86_64_16.0.2.v20210721-1149/jre/bin;C:\Program Files (x86)\Razer\ChromaBroadcast\bin;C:\Program Files\Razer\ChromaBroadcast\bin;C:\Program Files\Common Files\Oracle\Java\javapath;C:\Windows\system32;C:\Windows;C:\Windows\System32\Wbem;C:\Windows\System32\WindowsPowerShell\v1.0\;C:\Windows\System32\OpenSSH\;C:\Program Files\NVIDIA Corporation\NVIDIA NvDLISR;C:\Program Files (x86)\NVIDIA Corporation\PhysX\Common;C:\Program Files\Java\jdk-11.0.12\bin;C:\Program Files\Git\cmd;C:\Gradle\gradle-7.2\bin;C:\Windows\system32\config\systemprofile\AppData\Local\Microsoft\WindowsApps;C:\Users\Alexandre\AppData\Roaming\Microsoft\Windows\Start Menu\Programs\Python 3.9;C:\Program Files\dotnet\;C:\Users\Alexandre\AppData\Local\Programs\Python\Python39\Scripts\;C:\Users\Alexandre\AppData\Local\Programs\Python\Python39\;C:\Users\Alexandre\AppData\Local\Microsoft\WindowsApps;C:\Users\Alexandre\AppData\Local\Programs\Microsoft VS Code\bin;C:\Users\Alexandre\.dotnet\tools;C:\Users\Alexandre\AppData\Local\GitHubDesktop\bin;C:\Windows\System32;
USERNAME=Alexandre
OS=Windows_NT
PROCESSOR_IDENTIFIER=Intel64 Family 6 Model 165 Stepping 5, GenuineIntel



---------------  S Y S T E M  ---------------

OS:
 Windows 10 , 64 bit Build 19041 (10.0.19041.1348)
OS uptime: 1 days 9:21 hours

CPU: total 20 (initial active 20) (10 cores per cpu, 2 threads per core) family 6 model 165 stepping 5 microcode 0xe2, cx8, cmov, fxsr, ht, mmx, 3dnowpref, sse, sse2, sse3, ssse3, sse4.1, sse4.2, popcnt, lzcnt, tsc, tscinvbit, avx, avx2, aes, erms, clmul, bmi1, bmi2, adx, fma, vzeroupper, clflush, clflushopt

Memory: 4k page, system-wide physical 32637M (9090M free)
TotalPageFile size 130941M (AvailPageFile size 4M)
current process WorkingSet (physical memory assigned to process): 58M, peak: 58M
current process commit charge ("private bytes"): 642M, peak: 642M

vm_info: Java HotSpot(TM) 64-Bit Server VM (17+35-LTS-2724) for windows-amd64 JRE (17+35-LTS-2724), built on Aug  5 2021 23:28:28 by "mach5one" with MS VC++ 16.8 (VS2019)

END.
